{"C:\\Users\\dalton.edmisten\\Desktop\\anonymous-server\\src\\config\\index.ts": {"path":"C:\\Users\\dalton.edmisten\\Desktop\\anonymous-server\\src\\config\\index.ts","statementMap":{"0":{"start":{"line":3,"column":0},"end":{"line":3,"column":55}},"1":{"start":{"line":4,"column":0},"end":{"line":4,"column":37}},"2":{"start":{"line":9,"column":16},"end":{"line":9,"column":100}},"3":{"start":{"line":10,"column":4},"end":{"line":12,"column":null}},"4":{"start":{"line":11,"column":8},"end":{"line":11,"column":null}},"5":{"start":{"line":13,"column":4},"end":{"line":23,"column":null}},"6":{"start":{"line":13,"column":29},"end":{"line":13,"column":35}},"7":{"start":{"line":13,"column":29},"end":{"line":13,"column":40}},"8":{"start":{"line":13,"column":25},"end":{"line":13,"column":29}},"9":{"start":{"line":14,"column":8},"end":{"line":22,"column":null}},"10":{"start":{"line":15,"column":12},"end":{"line":15,"column":null}},"11":{"start":{"line":16,"column":15},"end":{"line":22,"column":null}},"12":{"start":{"line":17,"column":12},"end":{"line":17,"column":null}},"13":{"start":{"line":18,"column":15},"end":{"line":22,"column":null}},"14":{"start":{"line":19,"column":12},"end":{"line":19,"column":null}},"15":{"start":{"line":21,"column":12},"end":{"line":21,"column":null}},"16":{"start":{"line":24,"column":4},"end":{"line":24,"column":null}},"17":{"start":{"line":8,"column":0},"end":{"line":8,"column":16}},"18":{"start":{"line":30,"column":24},"end":{"line":30,"column":25}},"19":{"start":{"line":32,"column":4},"end":{"line":50,"column":null}},"20":{"start":{"line":33,"column":8},"end":{"line":49,"column":null}},"21":{"start":{"line":34,"column":12},"end":{"line":34,"column":null}},"22":{"start":{"line":35,"column":15},"end":{"line":49,"column":null}},"23":{"start":{"line":36,"column":12},"end":{"line":42,"column":null}},"24":{"start":{"line":37,"column":16},"end":{"line":37,"column":null}},"25":{"start":{"line":38,"column":19},"end":{"line":42,"column":null}},"26":{"start":{"line":39,"column":16},"end":{"line":39,"column":null}},"27":{"start":{"line":41,"column":16},"end":{"line":41,"column":null}},"28":{"start":{"line":43,"column":15},"end":{"line":49,"column":null}},"29":{"start":{"line":44,"column":12},"end":{"line":44,"column":null}},"30":{"start":{"line":45,"column":15},"end":{"line":49,"column":null}},"31":{"start":{"line":46,"column":12},"end":{"line":46,"column":null}},"32":{"start":{"line":48,"column":12},"end":{"line":48,"column":null}},"33":{"start":{"line":53,"column":4},"end":{"line":53,"column":null}},"34":{"start":{"line":29,"column":0},"end":{"line":29,"column":16}},"35":{"start":{"line":58,"column":24},"end":{"line":58,"column":25}},"36":{"start":{"line":60,"column":4},"end":{"line":62,"column":null}},"37":{"start":{"line":61,"column":8},"end":{"line":61,"column":null}},"38":{"start":{"line":64,"column":4},"end":{"line":83,"column":null}},"39":{"start":{"line":66,"column":8},"end":{"line":82,"column":null}},"40":{"start":{"line":67,"column":12},"end":{"line":67,"column":null}},"41":{"start":{"line":68,"column":15},"end":{"line":82,"column":null}},"42":{"start":{"line":69,"column":12},"end":{"line":75,"column":null}},"43":{"start":{"line":70,"column":16},"end":{"line":70,"column":null}},"44":{"start":{"line":71,"column":19},"end":{"line":75,"column":null}},"45":{"start":{"line":72,"column":16},"end":{"line":72,"column":null}},"46":{"start":{"line":74,"column":16},"end":{"line":74,"column":null}},"47":{"start":{"line":76,"column":15},"end":{"line":82,"column":null}},"48":{"start":{"line":77,"column":12},"end":{"line":77,"column":null}},"49":{"start":{"line":78,"column":15},"end":{"line":82,"column":null}},"50":{"start":{"line":79,"column":12},"end":{"line":79,"column":null}},"51":{"start":{"line":81,"column":12},"end":{"line":81,"column":null}},"52":{"start":{"line":84,"column":4},"end":{"line":84,"column":null}},"53":{"start":{"line":93,"column":4},"end":{"line":99,"column":null}},"54":{"start":{"line":94,"column":8},"end":{"line":98,"column":null}},"55":{"start":{"line":95,"column":12},"end":{"line":95,"column":null}},"56":{"start":{"line":96,"column":15},"end":{"line":98,"column":null}},"57":{"start":{"line":97,"column":12},"end":{"line":97,"column":null}},"58":{"start":{"line":101,"column":4},"end":{"line":101,"column":null}},"59":{"start":{"line":88,"column":0},"end":{"line":88,"column":16}},"60":{"start":{"line":106,"column":4},"end":{"line":112,"column":null}},"61":{"start":{"line":107,"column":8},"end":{"line":111,"column":null}},"62":{"start":{"line":108,"column":12},"end":{"line":108,"column":null}},"63":{"start":{"line":109,"column":15},"end":{"line":111,"column":null}},"64":{"start":{"line":110,"column":12},"end":{"line":110,"column":null}},"65":{"start":{"line":113,"column":4},"end":{"line":113,"column":null}},"66":{"start":{"line":104,"column":0},"end":{"line":104,"column":16}}},"fnMap":{"0":{"name":"verifyConfig","decl":{"start":{"line":8,"column":16},"end":{"line":8,"column":28}},"loc":{"start":{"line":8,"column":44},"end":{"line":25,"column":1}}},"1":{"name":"validateDataWithConfig","decl":{"start":{"line":29,"column":16},"end":{"line":29,"column":38}},"loc":{"start":{"line":29,"column":65},"end":{"line":55,"column":1}}},"2":{"name":"(anonymous_2)","decl":{"start":{"line":32,"column":24},"end":{"line":32,"column":25}},"loc":{"start":{"line":32,"column":35},"end":{"line":50,"column":5}}},"3":{"name":"validateDataWithDefinition","decl":{"start":{"line":57,"column":9},"end":{"line":57,"column":35}},"loc":{"start":{"line":57,"column":77},"end":{"line":85,"column":1}}},"4":{"name":"(anonymous_4)","decl":{"start":{"line":64,"column":24},"end":{"line":64,"column":25}},"loc":{"start":{"line":64,"column":35},"end":{"line":83,"column":5}}},"5":{"name":"encryptBaseOnConfig","decl":{"start":{"line":88,"column":16},"end":{"line":88,"column":35}},"loc":{"start":{"line":90,"column":19},"end":{"line":102,"column":1}}},"6":{"name":"(anonymous_6)","decl":{"start":{"line":93,"column":24},"end":{"line":93,"column":25}},"loc":{"start":{"line":93,"column":52},"end":{"line":99,"column":5}}},"7":{"name":"decryptBasedOnConfig","decl":{"start":{"line":104,"column":16},"end":{"line":104,"column":36}},"loc":{"start":{"line":104,"column":62},"end":{"line":114,"column":1}}},"8":{"name":"(anonymous_8)","decl":{"start":{"line":106,"column":24},"end":{"line":106,"column":25}},"loc":{"start":{"line":106,"column":52},"end":{"line":112,"column":5}}}},"branchMap":{"0":{"loc":{"start":{"line":9,"column":16},"end":{"line":9,"column":41}},"type":"binary-expr","locations":[{"start":{"line":9,"column":16},"end":{"line":9,"column":41}},{"start":{"line":9,"column":45},"end":{"line":9,"column":73}},{"start":{"line":9,"column":77},"end":{"line":9,"column":100}}]},"1":{"loc":{"start":{"line":10,"column":4},"end":{"line":12,"column":null}},"type":"if","locations":[{"start":{"line":10,"column":4},"end":{"line":12,"column":null}},{"start":{"line":10,"column":4},"end":{"line":12,"column":null}}]},"2":{"loc":{"start":{"line":14,"column":8},"end":{"line":22,"column":null}},"type":"if","locations":[{"start":{"line":14,"column":8},"end":{"line":22,"column":null}},{"start":{"line":14,"column":8},"end":{"line":22,"column":null}}]},"3":{"loc":{"start":{"line":14,"column":12},"end":{"line":14,"column":40}},"type":"binary-expr","locations":[{"start":{"line":14,"column":12},"end":{"line":14,"column":40}},{"start":{"line":14,"column":45},"end":{"line":14,"column":77}},{"start":{"line":14,"column":81},"end":{"line":14,"column":118}}]},"4":{"loc":{"start":{"line":16,"column":15},"end":{"line":22,"column":null}},"type":"if","locations":[{"start":{"line":16,"column":15},"end":{"line":22,"column":null}},{"start":{"line":16,"column":15},"end":{"line":22,"column":null}}]},"5":{"loc":{"start":{"line":16,"column":19},"end":{"line":16,"column":47}},"type":"binary-expr","locations":[{"start":{"line":16,"column":19},"end":{"line":16,"column":47}},{"start":{"line":16,"column":52},"end":{"line":16,"column":89}},{"start":{"line":16,"column":93},"end":{"line":16,"column":135}}]},"6":{"loc":{"start":{"line":18,"column":15},"end":{"line":22,"column":null}},"type":"if","locations":[{"start":{"line":18,"column":15},"end":{"line":22,"column":null}},{"start":{"line":18,"column":15},"end":{"line":22,"column":null}}]},"7":{"loc":{"start":{"line":18,"column":19},"end":{"line":18,"column":45}},"type":"binary-expr","locations":[{"start":{"line":18,"column":19},"end":{"line":18,"column":45}},{"start":{"line":18,"column":50},"end":{"line":18,"column":80}},{"start":{"line":18,"column":84},"end":{"line":18,"column":119}}]},"8":{"loc":{"start":{"line":33,"column":8},"end":{"line":49,"column":null}},"type":"if","locations":[{"start":{"line":33,"column":8},"end":{"line":49,"column":null}},{"start":{"line":33,"column":8},"end":{"line":49,"column":null}}]},"9":{"loc":{"start":{"line":35,"column":15},"end":{"line":49,"column":null}},"type":"if","locations":[{"start":{"line":35,"column":15},"end":{"line":49,"column":null}},{"start":{"line":35,"column":15},"end":{"line":49,"column":null}}]},"10":{"loc":{"start":{"line":36,"column":12},"end":{"line":42,"column":null}},"type":"if","locations":[{"start":{"line":36,"column":12},"end":{"line":42,"column":null}},{"start":{"line":36,"column":12},"end":{"line":42,"column":null}}]},"11":{"loc":{"start":{"line":36,"column":16},"end":{"line":36,"column":58}},"type":"binary-expr","locations":[{"start":{"line":36,"column":16},"end":{"line":36,"column":58}},{"start":{"line":36,"column":62},"end":{"line":36,"column":90}}]},"12":{"loc":{"start":{"line":38,"column":19},"end":{"line":42,"column":null}},"type":"if","locations":[{"start":{"line":38,"column":19},"end":{"line":42,"column":null}},{"start":{"line":38,"column":19},"end":{"line":42,"column":null}}]},"13":{"loc":{"start":{"line":38,"column":23},"end":{"line":38,"column":65}},"type":"binary-expr","locations":[{"start":{"line":38,"column":23},"end":{"line":38,"column":65}},{"start":{"line":38,"column":69},"end":{"line":38,"column":99}}]},"14":{"loc":{"start":{"line":43,"column":15},"end":{"line":49,"column":null}},"type":"if","locations":[{"start":{"line":43,"column":15},"end":{"line":49,"column":null}},{"start":{"line":43,"column":15},"end":{"line":49,"column":null}}]},"15":{"loc":{"start":{"line":43,"column":19},"end":{"line":43,"column":46}},"type":"binary-expr","locations":[{"start":{"line":43,"column":19},"end":{"line":43,"column":46}},{"start":{"line":43,"column":50},"end":{"line":43,"column":86}}]},"16":{"loc":{"start":{"line":45,"column":15},"end":{"line":49,"column":null}},"type":"if","locations":[{"start":{"line":45,"column":15},"end":{"line":49,"column":null}},{"start":{"line":45,"column":15},"end":{"line":49,"column":null}}]},"17":{"loc":{"start":{"line":45,"column":19},"end":{"line":45,"column":45}},"type":"binary-expr","locations":[{"start":{"line":45,"column":19},"end":{"line":45,"column":45}},{"start":{"line":45,"column":49},"end":{"line":45,"column":84}}]},"18":{"loc":{"start":{"line":48,"column":80},"end":{"line":48,"column":81}},"type":"cond-expr","locations":[{"start":{"line":48,"column":80},"end":{"line":48,"column":81}},{"start":{"line":48,"column":84},"end":{"line":48,"column":85}}]},"19":{"loc":{"start":{"line":60,"column":4},"end":{"line":62,"column":null}},"type":"if","locations":[{"start":{"line":60,"column":4},"end":{"line":62,"column":null}},{"start":{"line":60,"column":4},"end":{"line":62,"column":null}}]},"20":{"loc":{"start":{"line":66,"column":8},"end":{"line":82,"column":null}},"type":"if","locations":[{"start":{"line":66,"column":8},"end":{"line":82,"column":null}},{"start":{"line":66,"column":8},"end":{"line":82,"column":null}}]},"21":{"loc":{"start":{"line":68,"column":15},"end":{"line":82,"column":null}},"type":"if","locations":[{"start":{"line":68,"column":15},"end":{"line":82,"column":null}},{"start":{"line":68,"column":15},"end":{"line":82,"column":null}}]},"22":{"loc":{"start":{"line":69,"column":12},"end":{"line":75,"column":null}},"type":"if","locations":[{"start":{"line":69,"column":12},"end":{"line":75,"column":null}},{"start":{"line":69,"column":12},"end":{"line":75,"column":null}}]},"23":{"loc":{"start":{"line":69,"column":16},"end":{"line":69,"column":58}},"type":"binary-expr","locations":[{"start":{"line":69,"column":16},"end":{"line":69,"column":58}},{"start":{"line":69,"column":62},"end":{"line":69,"column":90}}]},"24":{"loc":{"start":{"line":71,"column":19},"end":{"line":75,"column":null}},"type":"if","locations":[{"start":{"line":71,"column":19},"end":{"line":75,"column":null}},{"start":{"line":71,"column":19},"end":{"line":75,"column":null}}]},"25":{"loc":{"start":{"line":71,"column":23},"end":{"line":71,"column":65}},"type":"binary-expr","locations":[{"start":{"line":71,"column":23},"end":{"line":71,"column":65}},{"start":{"line":71,"column":69},"end":{"line":71,"column":99}}]},"26":{"loc":{"start":{"line":76,"column":15},"end":{"line":82,"column":null}},"type":"if","locations":[{"start":{"line":76,"column":15},"end":{"line":82,"column":null}},{"start":{"line":76,"column":15},"end":{"line":82,"column":null}}]},"27":{"loc":{"start":{"line":76,"column":19},"end":{"line":76,"column":46}},"type":"binary-expr","locations":[{"start":{"line":76,"column":19},"end":{"line":76,"column":46}},{"start":{"line":76,"column":50},"end":{"line":76,"column":86}}]},"28":{"loc":{"start":{"line":78,"column":15},"end":{"line":82,"column":null}},"type":"if","locations":[{"start":{"line":78,"column":15},"end":{"line":82,"column":null}},{"start":{"line":78,"column":15},"end":{"line":82,"column":null}}]},"29":{"loc":{"start":{"line":78,"column":19},"end":{"line":78,"column":45}},"type":"binary-expr","locations":[{"start":{"line":78,"column":19},"end":{"line":78,"column":45}},{"start":{"line":78,"column":49},"end":{"line":78,"column":84}}]},"30":{"loc":{"start":{"line":81,"column":80},"end":{"line":81,"column":81}},"type":"cond-expr","locations":[{"start":{"line":81,"column":80},"end":{"line":81,"column":81}},{"start":{"line":81,"column":84},"end":{"line":81,"column":85}}]},"31":{"loc":{"start":{"line":94,"column":8},"end":{"line":98,"column":null}},"type":"if","locations":[{"start":{"line":94,"column":8},"end":{"line":98,"column":null}},{"start":{"line":94,"column":8},"end":{"line":98,"column":null}}]},"32":{"loc":{"start":{"line":95,"column":109},"end":{"line":95,"column":145}},"type":"cond-expr","locations":[{"start":{"line":95,"column":109},"end":{"line":95,"column":145}},{"start":{"line":95,"column":148},"end":{"line":95,"column":168}}]},"33":{"loc":{"start":{"line":95,"column":47},"end":{"line":95,"column":75}},"type":"binary-expr","locations":[{"start":{"line":95,"column":47},"end":{"line":95,"column":75}},{"start":{"line":95,"column":79},"end":{"line":95,"column":106}}]},"34":{"loc":{"start":{"line":96,"column":15},"end":{"line":98,"column":null}},"type":"if","locations":[{"start":{"line":96,"column":15},"end":{"line":98,"column":null}},{"start":{"line":96,"column":15},"end":{"line":98,"column":null}}]},"35":{"loc":{"start":{"line":107,"column":8},"end":{"line":111,"column":null}},"type":"if","locations":[{"start":{"line":107,"column":8},"end":{"line":111,"column":null}},{"start":{"line":107,"column":8},"end":{"line":111,"column":null}}]},"36":{"loc":{"start":{"line":109,"column":15},"end":{"line":111,"column":null}},"type":"if","locations":[{"start":{"line":109,"column":15},"end":{"line":111,"column":null}},{"start":{"line":109,"column":15},"end":{"line":111,"column":null}}]}},"s":{"0":3,"1":3,"2":7,"3":7,"4":1,"5":6,"6":6,"7":6,"8":19,"9":19,"10":1,"11":18,"12":1,"13":17,"14":1,"15":16,"16":6,"17":3,"18":3,"19":3,"20":20,"21":2,"22":18,"23":4,"24":1,"25":3,"26":1,"27":2,"28":14,"29":1,"30":13,"31":2,"32":11,"33":3,"34":3,"35":4,"36":4,"37":1,"38":3,"39":18,"40":2,"41":16,"42":4,"43":1,"44":3,"45":1,"46":2,"47":12,"48":1,"49":11,"50":2,"51":9,"52":3,"53":4,"54":19,"55":1,"56":18,"57":1,"58":4,"59":3,"60":2,"61":13,"62":1,"63":12,"64":1,"65":2,"66":3},"f":{"0":7,"1":3,"2":20,"3":4,"4":18,"5":4,"6":19,"7":2,"8":13},"b":{"0":[7,6,6],"1":[1,6],"2":[1,18],"3":[19,3,3],"4":[1,17],"5":[18,2,2],"6":[1,16],"7":[17,2,2],"8":[2,18],"9":[4,14],"10":[1,3],"11":[4,2],"12":[1,2],"13":[3,2],"14":[1,13],"15":[14,2],"16":[2,11],"17":[13,2],"18":[5,6],"19":[1,3],"20":[2,16],"21":[4,12],"22":[1,3],"23":[4,2],"24":[1,2],"25":[3,2],"26":[1,11],"27":[12,2],"28":[2,9],"29":[11,2],"30":[4,5],"31":[1,18],"32":[0,1],"33":[1,1],"34":[1,17],"35":[1,12],"36":[1,11]}}
,"C:\\Users\\dalton.edmisten\\Desktop\\anonymous-server\\src\\crypto\\aes.ts": {"path":"C:\\Users\\dalton.edmisten\\Desktop\\anonymous-server\\src\\crypto\\aes.ts","statementMap":{"0":{"start":{"line":1,"column":0},"end":{"line":1,"column":32}},"1":{"start":{"line":2,"column":0},"end":{"line":2,"column":13}},"2":{"start":{"line":4,"column":18},"end":{"line":26,"column":null}},"3":{"start":{"line":5,"column":8},"end":{"line":7,"column":null}},"4":{"start":{"line":6,"column":12},"end":{"line":6,"column":null}},"5":{"start":{"line":8,"column":25},"end":{"line":8,"column":98}},"6":{"start":{"line":9,"column":26},"end":{"line":9,"column":39}},"7":{"start":{"line":11,"column":21},"end":{"line":11,"column":59}},"8":{"start":{"line":12,"column":20},"end":{"line":12,"column":57}},"9":{"start":{"line":14,"column":19},"end":{"line":14,"column":41}},"10":{"start":{"line":16,"column":23},"end":{"line":16,"column":64}},"11":{"start":{"line":18,"column":24},"end":{"line":18,"column":74}},"12":{"start":{"line":19,"column":8},"end":{"line":19,"column":null}},"13":{"start":{"line":20,"column":8},"end":{"line":25,"column":null}},"14":{"start":{"line":28,"column":18},"end":{"line":41,"column":null}},"15":{"start":{"line":29,"column":8},"end":{"line":31,"column":null}},"16":{"start":{"line":30,"column":12},"end":{"line":30,"column":null}},"17":{"start":{"line":32,"column":26},"end":{"line":32,"column":39}},"18":{"start":{"line":33,"column":20},"end":{"line":33,"column":57}},"19":{"start":{"line":35,"column":25},"end":{"line":35,"column":88}},"20":{"start":{"line":38,"column":24},"end":{"line":38,"column":60}},"21":{"start":{"line":39,"column":8},"end":{"line":39,"column":null}},"22":{"start":{"line":40,"column":8},"end":{"line":40,"column":null}},"23":{"start":{"line":42,"column":0},"end":{"line":42,"column":null}},"24":{"start":{"line":2,"column":13},"end":{"line":2,"column":16}}},"fnMap":{"0":{"name":"(anonymous_0)","decl":{"start":{"line":2,"column":0},"end":{"line":2,"column":13}},"loc":{"start":{"line":2,"column":0},"end":{"line":42,"column":null}}},"1":{"name":"(anonymous_2)","decl":{"start":{"line":4,"column":4},"end":{"line":4,"column":18}},"loc":{"start":{"line":4,"column":38},"end":{"line":26,"column":5}}},"2":{"name":"(anonymous_3)","decl":{"start":{"line":28,"column":4},"end":{"line":28,"column":18}},"loc":{"start":{"line":28,"column":82},"end":{"line":41,"column":5}}}},"branchMap":{"0":{"loc":{"start":{"line":5,"column":8},"end":{"line":7,"column":null}},"type":"if","locations":[{"start":{"line":5,"column":8},"end":{"line":7,"column":null}},{"start":{"line":5,"column":8},"end":{"line":7,"column":null}}]},"1":{"loc":{"start":{"line":29,"column":8},"end":{"line":31,"column":null}},"type":"if","locations":[{"start":{"line":29,"column":8},"end":{"line":31,"column":null}},{"start":{"line":29,"column":8},"end":{"line":31,"column":null}}]}},"s":{"0":4,"1":4,"2":4,"3":3,"4":1,"5":2,"6":2,"7":2,"8":2,"9":2,"10":2,"11":2,"12":2,"13":2,"14":4,"15":7,"16":1,"17":6,"18":6,"19":6,"20":6,"21":6,"22":2,"23":4,"24":4},"f":{"0":4,"1":3,"2":7},"b":{"0":[1,2],"1":[1,6]}}
,"C:\\Users\\dalton.edmisten\\Desktop\\anonymous-server\\src\\crypto\\index.ts": {"path":"C:\\Users\\dalton.edmisten\\Desktop\\anonymous-server\\src\\crypto\\index.ts","statementMap":{"0":{"start":{"line":1,"column":0},"end":{"line":1,"column":21}},"1":{"start":{"line":2,"column":0},"end":{"line":2,"column":22}}},"fnMap":{},"branchMap":{},"s":{"0":4,"1":4},"f":{},"b":{}}
,"C:\\Users\\dalton.edmisten\\Desktop\\anonymous-server\\src\\crypto\\sha2.ts": {"path":"C:\\Users\\dalton.edmisten\\Desktop\\anonymous-server\\src\\crypto\\sha2.ts","statementMap":{"0":{"start":{"line":1,"column":0},"end":{"line":1,"column":32}},"1":{"start":{"line":2,"column":0},"end":{"line":2,"column":13}},"2":{"start":{"line":4,"column":16},"end":{"line":17,"column":null}},"3":{"start":{"line":5,"column":4},"end":{"line":7,"column":null}},"4":{"start":{"line":6,"column":6},"end":{"line":6,"column":null}},"5":{"start":{"line":8,"column":4},"end":{"line":8,"column":null}},"6":{"start":{"line":9,"column":17},"end":{"line":9,"column":49}},"7":{"start":{"line":11,"column":4},"end":{"line":11,"column":null}},"8":{"start":{"line":12,"column":17},"end":{"line":12,"column":35}},"9":{"start":{"line":13,"column":4},"end":{"line":16,"column":null}},"10":{"start":{"line":19,"column":16},"end":{"line":22,"column":null}},"11":{"start":{"line":20,"column":20},"end":{"line":20,"column":48}},"12":{"start":{"line":21,"column":4},"end":{"line":21,"column":null}},"13":{"start":{"line":23,"column":0},"end":{"line":23,"column":null}},"14":{"start":{"line":2,"column":13},"end":{"line":2,"column":17}}},"fnMap":{"0":{"name":"(anonymous_0)","decl":{"start":{"line":2,"column":0},"end":{"line":2,"column":13}},"loc":{"start":{"line":2,"column":0},"end":{"line":23,"column":null}}},"1":{"name":"(anonymous_2)","decl":{"start":{"line":4,"column":2},"end":{"line":4,"column":16}},"loc":{"start":{"line":4,"column":55},"end":{"line":17,"column":3}}},"2":{"name":"(anonymous_3)","decl":{"start":{"line":19,"column":2},"end":{"line":19,"column":16}},"loc":{"start":{"line":19,"column":63},"end":{"line":22,"column":3}}}},"branchMap":{"0":{"loc":{"start":{"line":5,"column":4},"end":{"line":7,"column":null}},"type":"if","locations":[{"start":{"line":5,"column":4},"end":{"line":7,"column":null}},{"start":{"line":5,"column":4},"end":{"line":7,"column":null}}]},"1":{"loc":{"start":{"line":8,"column":10},"end":{"line":8,"column":13}},"type":"binary-expr","locations":[{"start":{"line":8,"column":10},"end":{"line":8,"column":13}},{"start":{"line":8,"column":17},"end":{"line":8,"column":88}}]}},"s":{"0":4,"1":4,"2":4,"3":8,"4":2,"5":6,"6":6,"7":6,"8":6,"9":6,"10":4,"11":5,"12":4,"13":4,"14":4},"f":{"0":4,"1":8,"2":5},"b":{"0":[2,6],"1":[6,2]}}
,"C:\\Users\\dalton.edmisten\\Desktop\\anonymous-server\\src\\database\\index.ts": {"path":"C:\\Users\\dalton.edmisten\\Desktop\\anonymous-server\\src\\database\\index.ts","statementMap":{"0":{"start":{"line":1,"column":0},"end":{"line":1,"column":39}},"1":{"start":{"line":2,"column":0},"end":{"line":2,"column":37}},"2":{"start":{"line":18,"column":2},"end":{"line":22,"column":null}},"3":{"start":{"line":19,"column":4},"end":{"line":19,"column":null}},"4":{"start":{"line":20,"column":9},"end":{"line":22,"column":null}},"5":{"start":{"line":21,"column":4},"end":{"line":21,"column":null}},"6":{"start":{"line":17,"column":0},"end":{"line":17,"column":16}},"7":{"start":{"line":25,"column":0},"end":{"line":25,"column":23}},"8":{"start":{"line":26,"column":0},"end":{"line":26,"column":22}}},"fnMap":{"0":{"name":"createDatabase","decl":{"start":{"line":17,"column":16},"end":{"line":17,"column":30}},"loc":{"start":{"line":17,"column":55},"end":{"line":23,"column":1}}}},"branchMap":{"0":{"loc":{"start":{"line":18,"column":2},"end":{"line":22,"column":null}},"type":"if","locations":[{"start":{"line":18,"column":2},"end":{"line":22,"column":null}},{"start":{"line":18,"column":2},"end":{"line":22,"column":null}}]},"1":{"loc":{"start":{"line":20,"column":9},"end":{"line":22,"column":null}},"type":"if","locations":[{"start":{"line":20,"column":9},"end":{"line":22,"column":null}},{"start":{"line":20,"column":9},"end":{"line":22,"column":null}}]}},"s":{"0":3,"1":3,"2":13,"3":1,"4":12,"5":12,"6":3,"7":3,"8":3},"f":{"0":13},"b":{"0":[1,12],"1":[12,0]}}
,"C:\\Users\\dalton.edmisten\\Desktop\\anonymous-server\\src\\database\\mock.ts": {"path":"C:\\Users\\dalton.edmisten\\Desktop\\anonymous-server\\src\\database\\mock.ts","statementMap":{"0":{"start":{"line":2,"column":0},"end":{"line":2,"column":52}},"1":{"start":{"line":3,"column":0},"end":{"line":3,"column":13}},"2":{"start":{"line":4,"column":11},"end":{"line":4,"column":null}},"3":{"start":{"line":5,"column":11},"end":{"line":5,"column":null}},"4":{"start":{"line":6,"column":11},"end":{"line":8,"column":null}},"5":{"start":{"line":6,"column":51},"end":{"line":8,"column":null}},"6":{"start":{"line":7,"column":8},"end":{"line":7,"column":null}},"7":{"start":{"line":7,"column":51},"end":{"line":7,"column":68}},"8":{"start":{"line":10,"column":11},"end":{"line":19,"column":null}},"9":{"start":{"line":10,"column":51},"end":{"line":19,"column":null}},"10":{"start":{"line":11,"column":8},"end":{"line":13,"column":null}},"11":{"start":{"line":12,"column":12},"end":{"line":12,"column":null}},"12":{"start":{"line":14,"column":8},"end":{"line":16,"column":null}},"13":{"start":{"line":15,"column":12},"end":{"line":15,"column":null}},"14":{"start":{"line":17,"column":8},"end":{"line":17,"column":null}},"15":{"start":{"line":18,"column":8},"end":{"line":18,"column":null}},"16":{"start":{"line":21,"column":11},"end":{"line":26,"column":null}},"17":{"start":{"line":21,"column":68},"end":{"line":26,"column":null}},"18":{"start":{"line":22,"column":14},"end":{"line":22,"column":null}},"19":{"start":{"line":22,"column":66},"end":{"line":22,"column":82}},"20":{"start":{"line":23,"column":14},"end":{"line":23,"column":null}},"21":{"start":{"line":24,"column":8},"end":{"line":24,"column":null}},"22":{"start":{"line":25,"column":8},"end":{"line":25,"column":null}},"23":{"start":{"line":28,"column":11},"end":{"line":32,"column":null}},"24":{"start":{"line":28,"column":55},"end":{"line":32,"column":null}},"25":{"start":{"line":29,"column":14},"end":{"line":29,"column":null}},"26":{"start":{"line":29,"column":66},"end":{"line":29,"column":82}},"27":{"start":{"line":30,"column":8},"end":{"line":30,"column":null}},"28":{"start":{"line":31,"column":8},"end":{"line":31,"column":null}},"29":{"start":{"line":34,"column":11},"end":{"line":34,"column":null}},"30":{"start":{"line":34,"column":42},"end":{"line":34,"column":null}},"31":{"start":{"line":34,"column":47},"end":{"line":34,"column":null}},"32":{"start":{"line":36,"column":11},"end":{"line":39,"column":null}},"33":{"start":{"line":36,"column":42},"end":{"line":39,"column":null}},"34":{"start":{"line":37,"column":8},"end":{"line":37,"column":null}},"35":{"start":{"line":38,"column":8},"end":{"line":38,"column":null}},"36":{"start":{"line":41,"column":11},"end":{"line":45,"column":null}},"37":{"start":{"line":41,"column":71},"end":{"line":45,"column":null}},"38":{"start":{"line":42,"column":14},"end":{"line":42,"column":null}},"39":{"start":{"line":42,"column":66},"end":{"line":42,"column":82}},"40":{"start":{"line":43,"column":8},"end":{"line":43,"column":null}},"41":{"start":{"line":44,"column":8},"end":{"line":44,"column":null}},"42":{"start":{"line":47,"column":11},"end":{"line":49,"column":null}},"43":{"start":{"line":48,"column":8},"end":{"line":48,"column":59}},"44":{"start":{"line":48,"column":46},"end":{"line":48,"column":58}},"45":{"start":{"line":48,"column":59},"end":{"line":48,"column":null}},"46":{"start":{"line":50,"column":12},"end":{"line":50,"column":null}},"47":{"start":{"line":51,"column":0},"end":{"line":51,"column":null}},"48":{"start":{"line":3,"column":13},"end":{"line":3,"column":25}}},"fnMap":{"0":{"name":"(anonymous_13)","decl":{"start":{"line":3,"column":0},"end":{"line":3,"column":13}},"loc":{"start":{"line":3,"column":0},"end":{"line":51,"column":null}}},"1":{"name":"(anonymous_15)","decl":{"start":{"line":6,"column":17},"end":{"line":6,"column":24}},"loc":{"start":{"line":6,"column":51},"end":{"line":8,"column":null}}},"2":{"name":"(anonymous_16)","decl":{"start":{"line":6,"column":51},"end":{"line":6,"column":null}},"loc":{"start":{"line":6,"column":51},"end":{"line":8,"column":null}}},"3":{"name":"(anonymous_18)","decl":{"start":{"line":7,"column":39},"end":{"line":7,"column":40}},"loc":{"start":{"line":7,"column":46},"end":{"line":7,"column":57}}},"4":{"name":"(anonymous_19)","decl":{"start":{"line":10,"column":20},"end":{"line":10,"column":27}},"loc":{"start":{"line":10,"column":51},"end":{"line":19,"column":null}}},"5":{"name":"(anonymous_20)","decl":{"start":{"line":10,"column":51},"end":{"line":10,"column":null}},"loc":{"start":{"line":10,"column":51},"end":{"line":19,"column":null}}},"6":{"name":"(anonymous_22)","decl":{"start":{"line":21,"column":20},"end":{"line":21,"column":27}},"loc":{"start":{"line":21,"column":68},"end":{"line":26,"column":null}}},"7":{"name":"(anonymous_23)","decl":{"start":{"line":21,"column":68},"end":{"line":21,"column":null}},"loc":{"start":{"line":21,"column":68},"end":{"line":26,"column":null}}},"8":{"name":"(anonymous_25)","decl":{"start":{"line":22,"column":51},"end":{"line":22,"column":52}},"loc":{"start":{"line":22,"column":61},"end":{"line":22,"column":70}}},"9":{"name":"(anonymous_26)","decl":{"start":{"line":28,"column":20},"end":{"line":28,"column":27}},"loc":{"start":{"line":28,"column":55},"end":{"line":32,"column":null}}},"10":{"name":"(anonymous_27)","decl":{"start":{"line":28,"column":55},"end":{"line":28,"column":null}},"loc":{"start":{"line":28,"column":55},"end":{"line":32,"column":null}}},"11":{"name":"(anonymous_29)","decl":{"start":{"line":29,"column":51},"end":{"line":29,"column":52}},"loc":{"start":{"line":29,"column":61},"end":{"line":29,"column":70}}},"12":{"name":"(anonymous_30)","decl":{"start":{"line":34,"column":20},"end":{"line":34,"column":27}},"loc":{"start":{"line":34,"column":42},"end":{"line":34,"column":null}}},"13":{"name":"(anonymous_31)","decl":{"start":{"line":34,"column":42},"end":{"line":34,"column":47}},"loc":{"start":{"line":34,"column":42},"end":{"line":34,"column":null}}},"14":{"name":"(anonymous_33)","decl":{"start":{"line":36,"column":20},"end":{"line":36,"column":27}},"loc":{"start":{"line":36,"column":42},"end":{"line":39,"column":null}}},"15":{"name":"(anonymous_34)","decl":{"start":{"line":36,"column":42},"end":{"line":36,"column":null}},"loc":{"start":{"line":36,"column":42},"end":{"line":39,"column":null}}},"16":{"name":"(anonymous_36)","decl":{"start":{"line":41,"column":23},"end":{"line":41,"column":30}},"loc":{"start":{"line":41,"column":71},"end":{"line":45,"column":null}}},"17":{"name":"(anonymous_37)","decl":{"start":{"line":41,"column":71},"end":{"line":41,"column":null}},"loc":{"start":{"line":41,"column":71},"end":{"line":45,"column":null}}},"18":{"name":"(anonymous_39)","decl":{"start":{"line":42,"column":51},"end":{"line":42,"column":52}},"loc":{"start":{"line":42,"column":61},"end":{"line":42,"column":70}}},"19":{"name":"(anonymous_40)","decl":{"start":{"line":47,"column":18},"end":{"line":47,"column":19}},"loc":{"start":{"line":47,"column":42},"end":{"line":49,"column":5}}}},"branchMap":{"0":{"loc":{"start":{"line":11,"column":8},"end":{"line":13,"column":null}},"type":"if","locations":[{"start":{"line":11,"column":8},"end":{"line":13,"column":null}},{"start":{"line":11,"column":8},"end":{"line":13,"column":null}}]},"1":{"loc":{"start":{"line":11,"column":12},"end":{"line":11,"column":40}},"type":"binary-expr","locations":[{"start":{"line":11,"column":12},"end":{"line":11,"column":40}},{"start":{"line":11,"column":44},"end":{"line":11,"column":75}}]},"2":{"loc":{"start":{"line":14,"column":8},"end":{"line":16,"column":null}},"type":"if","locations":[{"start":{"line":14,"column":8},"end":{"line":16,"column":null}},{"start":{"line":14,"column":8},"end":{"line":16,"column":null}}]},"3":{"loc":{"start":{"line":48,"column":8},"end":{"line":48,"column":59}},"type":"if","locations":[{"start":{"line":48,"column":8},"end":{"line":48,"column":59}},{"start":{"line":48,"column":8},"end":{"line":48,"column":59}}]}},"s":{"0":3,"1":15,"2":12,"3":12,"4":12,"5":1,"6":1,"7":1,"8":12,"9":9,"10":9,"11":3,"12":6,"13":4,"14":6,"15":6,"16":12,"17":4,"18":4,"19":3,"20":4,"21":4,"22":4,"23":12,"24":3,"25":3,"26":3,"27":3,"28":3,"29":12,"30":20,"31":10,"32":12,"33":3,"34":3,"35":3,"36":12,"37":4,"38":4,"39":3,"40":4,"41":4,"42":12,"43":3,"44":1,"45":3,"46":12,"47":3,"48":3},"f":{"0":15,"1":1,"2":1,"3":1,"4":9,"5":9,"6":4,"7":4,"8":3,"9":3,"10":3,"11":3,"12":10,"13":20,"14":3,"15":3,"16":4,"17":4,"18":3,"19":3},"b":{"0":[3,6],"1":[9,5],"2":[4,2],"3":[1,2]}}
,"C:\\Users\\dalton.edmisten\\Desktop\\anonymous-server\\src\\database\\redis.ts": {"path":"C:\\Users\\dalton.edmisten\\Desktop\\anonymous-server\\src\\database\\redis.ts","statementMap":{"0":{"start":{"line":2,"column":0},"end":{"line":2,"column":30}},"1":{"start":{"line":3,"column":0},"end":{"line":3,"column":65}},"2":{"start":{"line":4,"column":0},"end":{"line":4,"column":31}},"3":{"start":{"line":6,"column":0},"end":{"line":6,"column":13}},"4":{"start":{"line":7,"column":9},"end":{"line":7,"column":null}},"5":{"start":{"line":71,"column":4},"end":{"line":71,"column":null}},"6":{"start":{"line":72,"column":4},"end":{"line":72,"column":null}},"7":{"start":{"line":73,"column":4},"end":{"line":75,"column":null}},"8":{"start":{"line":74,"column":6},"end":{"line":74,"column":null}},"9":{"start":{"line":76,"column":4},"end":{"line":78,"column":null}},"10":{"start":{"line":77,"column":6},"end":{"line":77,"column":null}},"11":{"start":{"line":80,"column":4},"end":{"line":80,"column":null}},"12":{"start":{"line":81,"column":4},"end":{"line":81,"column":null}},"13":{"start":{"line":82,"column":4},"end":{"line":82,"column":null}},"14":{"start":{"line":83,"column":4},"end":{"line":83,"column":null}},"15":{"start":{"line":84,"column":4},"end":{"line":84,"column":null}},"16":{"start":{"line":85,"column":4},"end":{"line":85,"column":null}},"17":{"start":{"line":86,"column":4},"end":{"line":86,"column":null}},"18":{"start":{"line":87,"column":4},"end":{"line":87,"column":null}},"19":{"start":{"line":8,"column":9},"end":{"line":10,"column":null}},"20":{"start":{"line":9,"column":4},"end":{"line":9,"column":null}},"21":{"start":{"line":11,"column":15},"end":{"line":16,"column":null}},"22":{"start":{"line":12,"column":27},"end":{"line":12,"column":null}},"23":{"start":{"line":12,"column":10},"end":{"line":12,"column":null}},"24":{"start":{"line":13,"column":10},"end":{"line":13,"column":null}},"25":{"start":{"line":14,"column":28},"end":{"line":14,"column":null}},"26":{"start":{"line":14,"column":10},"end":{"line":14,"column":null}},"27":{"start":{"line":15,"column":11},"end":{"line":15,"column":21}},"28":{"start":{"line":15,"column":24},"end":{"line":15,"column":64}},"29":{"start":{"line":15,"column":64},"end":{"line":15,"column":null}},"30":{"start":{"line":15,"column":4},"end":{"line":15,"column":11}},"31":{"start":{"line":18,"column":15},"end":{"line":22,"column":null}},"32":{"start":{"line":19,"column":20},"end":{"line":19,"column":null}},"33":{"start":{"line":19,"column":10},"end":{"line":19,"column":null}},"34":{"start":{"line":20,"column":10},"end":{"line":20,"column":null}},"35":{"start":{"line":20,"column":37},"end":{"line":20,"column":50}},"36":{"start":{"line":21,"column":4},"end":{"line":21,"column":null}},"37":{"start":{"line":24,"column":15},"end":{"line":28,"column":null}},"38":{"start":{"line":25,"column":18},"end":{"line":25,"column":null}},"39":{"start":{"line":25,"column":10},"end":{"line":25,"column":null}},"40":{"start":{"line":26,"column":10},"end":{"line":26,"column":null}},"41":{"start":{"line":26,"column":35},"end":{"line":26,"column":47}},"42":{"start":{"line":27,"column":4},"end":{"line":27,"column":null}},"43":{"start":{"line":30,"column":15},"end":{"line":33,"column":null}},"44":{"start":{"line":31,"column":28},"end":{"line":31,"column":null}},"45":{"start":{"line":31,"column":10},"end":{"line":31,"column":null}},"46":{"start":{"line":32,"column":11},"end":{"line":32,"column":21}},"47":{"start":{"line":32,"column":24},"end":{"line":32,"column":61}},"48":{"start":{"line":32,"column":61},"end":{"line":32,"column":null}},"49":{"start":{"line":32,"column":4},"end":{"line":32,"column":11}},"50":{"start":{"line":35,"column":15},"end":{"line":44,"column":null}},"51":{"start":{"line":36,"column":20},"end":{"line":36,"column":null}},"52":{"start":{"line":36,"column":10},"end":{"line":36,"column":null}},"53":{"start":{"line":37,"column":8},"end":{"line":37,"column":null}},"54":{"start":{"line":38,"column":4},"end":{"line":42,"column":null}},"55":{"start":{"line":39,"column":16},"end":{"line":41,"column":null}},"56":{"start":{"line":41,"column":10},"end":{"line":41,"column":22}},"57":{"start":{"line":41,"column":23},"end":{"line":41,"column":76}},"58":{"start":{"line":40,"column":8},"end":{"line":41,"column":null}},"59":{"start":{"line":43,"column":4},"end":{"line":43,"column":null}},"60":{"start":{"line":46,"column":15},"end":{"line":53,"column":null}},"61":{"start":{"line":47,"column":4},"end":{"line":47,"column":null}},"62":{"start":{"line":48,"column":17},"end":{"line":48,"column":40}},"63":{"start":{"line":48,"column":10},"end":{"line":50,"column":null}},"64":{"start":{"line":49,"column":6},"end":{"line":49,"column":null}},"65":{"start":{"line":51,"column":4},"end":{"line":51,"column":null}},"66":{"start":{"line":51,"column":35},"end":{"line":51,"column":54}},"67":{"start":{"line":52,"column":4},"end":{"line":52,"column":null}},"68":{"start":{"line":55,"column":15},"end":{"line":68,"column":null}},"69":{"start":{"line":56,"column":10},"end":{"line":56,"column":null}},"70":{"start":{"line":58,"column":10},"end":{"line":62,"column":null}},"71":{"start":{"line":59,"column":6},"end":{"line":61,"column":null}},"72":{"start":{"line":60,"column":8},"end":{"line":60,"column":null}},"73":{"start":{"line":64,"column":4},"end":{"line":64,"column":null}},"74":{"start":{"line":65,"column":4},"end":{"line":65,"column":null}},"75":{"start":{"line":67,"column":4},"end":{"line":67,"column":null}},"76":{"start":{"line":93,"column":0},"end":{"line":93,"column":null}},"77":{"start":{"line":6,"column":13},"end":{"line":6,"column":26}}},"fnMap":{"0":{"name":"(anonymous_13)","decl":{"start":{"line":6,"column":0},"end":{"line":6,"column":13}},"loc":{"start":{"line":6,"column":0},"end":{"line":93,"column":null}}},"1":{"name":"RedisDatabase","decl":{"start":{"line":70,"column":2},"end":{"line":70,"column":14}},"loc":{"start":{"line":70,"column":38},"end":{"line":88,"column":3}}},"2":{"name":"(anonymous_15)","decl":{"start":{"line":73,"column":30},"end":{"line":73,"column":null}},"loc":{"start":{"line":73,"column":30},"end":{"line":75,"column":5}}},"3":{"name":"(anonymous_16)","decl":{"start":{"line":76,"column":28},"end":{"line":76,"column":29}},"loc":{"start":{"line":76,"column":39},"end":{"line":78,"column":5}}},"4":{"name":"(anonymous_17)","decl":{"start":{"line":8,"column":2},"end":{"line":8,"column":9}},"loc":{"start":{"line":8,"column":34},"end":{"line":10,"column":3}}},"5":{"name":"(anonymous_18)","decl":{"start":{"line":11,"column":2},"end":{"line":11,"column":15}},"loc":{"start":{"line":11,"column":63},"end":{"line":16,"column":null}}},"6":{"name":"(anonymous_21)","decl":{"start":{"line":18,"column":2},"end":{"line":18,"column":15}},"loc":{"start":{"line":18,"column":50},"end":{"line":22,"column":null}}},"7":{"name":"(anonymous_24)","decl":{"start":{"line":20,"column":30},"end":{"line":20,"column":31}},"loc":{"start":{"line":20,"column":32},"end":{"line":20,"column":38}}},"8":{"name":"(anonymous_25)","decl":{"start":{"line":24,"column":2},"end":{"line":24,"column":15}},"loc":{"start":{"line":24,"column":46},"end":{"line":28,"column":null}}},"9":{"name":"(anonymous_28)","decl":{"start":{"line":26,"column":28},"end":{"line":26,"column":29}},"loc":{"start":{"line":26,"column":30},"end":{"line":26,"column":36}}},"10":{"name":"(anonymous_29)","decl":{"start":{"line":30,"column":2},"end":{"line":30,"column":15}},"loc":{"start":{"line":30,"column":66},"end":{"line":33,"column":null}}},"11":{"name":"(anonymous_32)","decl":{"start":{"line":35,"column":2},"end":{"line":35,"column":15}},"loc":{"start":{"line":35,"column":37},"end":{"line":44,"column":null}}},"12":{"name":"(anonymous_35)","decl":{"start":{"line":39,"column":6},"end":{"line":39,"column":13}},"loc":{"start":{"line":39,"column":16},"end":{"line":41,"column":null}}},"13":{"name":"(anonymous_36)","decl":{"start":{"line":39,"column":16},"end":{"line":39,"column":null}},"loc":{"start":{"line":39,"column":16},"end":{"line":41,"column":null}}},"14":{"name":"(anonymous_38)","decl":{"start":{"line":46,"column":2},"end":{"line":46,"column":15}},"loc":{"start":{"line":46,"column":46},"end":{"line":53,"column":null}}},"15":{"name":"(anonymous_41)","decl":{"start":{"line":48,"column":45},"end":{"line":48,"column":46}},"loc":{"start":{"line":48,"column":49},"end":{"line":50,"column":5}}},"16":{"name":"(anonymous_42)","decl":{"start":{"line":55,"column":2},"end":{"line":55,"column":15}},"loc":{"start":{"line":55,"column":37},"end":{"line":68,"column":null}}},"17":{"name":"(anonymous_45)","decl":{"start":{"line":58,"column":15},"end":{"line":58,"column":16}},"loc":{"start":{"line":58,"column":23},"end":{"line":62,"column":5}}},"18":{"name":"(anonymous_46)","decl":{"start":{"line":59,"column":19},"end":{"line":59,"column":20}},"loc":{"start":{"line":59,"column":33},"end":{"line":61,"column":7}}}},"branchMap":{"0":{"loc":{"start":{"line":9,"column":22},"end":{"line":9,"column":32}},"type":"cond-expr","locations":[{"start":{"line":9,"column":22},"end":{"line":9,"column":32}},{"start":{"line":9,"column":35},"end":{"line":9,"column":53}}]},"1":{"loc":{"start":{"line":12,"column":27},"end":{"line":12,"column":null}},"type":"switch","locations":[{"start":{"line":12,"column":27},"end":{"line":12,"column":null}},{"start":{"line":15,"column":4},"end":{"line":15,"column":11}}]},"2":{"loc":{"start":{"line":15,"column":11},"end":{"line":15,"column":21}},"type":"if","locations":[{"start":{"line":15,"column":11},"end":{"line":15,"column":21}},{"start":{"line":15,"column":11},"end":{"line":15,"column":21}}]},"3":{"loc":{"start":{"line":19,"column":20},"end":{"line":19,"column":null}},"type":"switch","locations":[{"start":{"line":19,"column":20},"end":{"line":19,"column":null}}]},"4":{"loc":{"start":{"line":25,"column":18},"end":{"line":25,"column":null}},"type":"switch","locations":[{"start":{"line":25,"column":18},"end":{"line":25,"column":null}}]},"5":{"loc":{"start":{"line":31,"column":28},"end":{"line":31,"column":null}},"type":"switch","locations":[{"start":{"line":31,"column":28},"end":{"line":31,"column":null}},{"start":{"line":32,"column":4},"end":{"line":32,"column":11}}]},"6":{"loc":{"start":{"line":32,"column":11},"end":{"line":32,"column":21}},"type":"if","locations":[{"start":{"line":32,"column":11},"end":{"line":32,"column":21}},{"start":{"line":32,"column":11},"end":{"line":32,"column":21}}]},"7":{"loc":{"start":{"line":36,"column":20},"end":{"line":36,"column":null}},"type":"switch","locations":[{"start":{"line":36,"column":20},"end":{"line":36,"column":null}}]},"8":{"loc":{"start":{"line":40,"column":8},"end":{"line":41,"column":null}},"type":"switch","locations":[{"start":{"line":40,"column":8},"end":{"line":41,"column":null}}]},"9":{"loc":{"start":{"line":47,"column":16},"end":{"line":47,"column":25}},"type":"binary-expr","locations":[{"start":{"line":47,"column":16},"end":{"line":47,"column":25}},{"start":{"line":47,"column":29},"end":{"line":47,"column":35}}]},"10":{"loc":{"start":{"line":51,"column":4},"end":{"line":51,"column":null}},"type":"if","locations":[{"start":{"line":51,"column":4},"end":{"line":51,"column":null}},{"start":{"line":51,"column":4},"end":{"line":51,"column":null}}]},"11":{"loc":{"start":{"line":52,"column":59},"end":{"line":52,"column":63}},"type":"cond-expr","locations":[{"start":{"line":52,"column":59},"end":{"line":52,"column":63}},{"start":{"line":52,"column":66},"end":{"line":52,"column":68}}]}},"s":{"0":3,"1":3,"2":3,"3":3,"4":1,"5":1,"6":1,"7":1,"8":1,"9":1,"10":0,"11":1,"12":1,"13":1,"14":1,"15":1,"16":1,"17":1,"18":1,"19":3,"20":4,"21":3,"22":1,"23":1,"24":1,"25":1,"26":1,"27":1,"28":2,"29":0,"30":1,"31":3,"32":3,"33":3,"34":3,"35":4,"36":3,"37":3,"38":2,"39":2,"40":2,"41":2,"42":2,"43":3,"44":1,"45":1,"46":1,"47":2,"48":0,"49":1,"50":3,"51":1,"52":1,"53":1,"54":1,"55":1,"56":1,"57":1,"58":1,"59":1,"60":3,"61":4,"62":4,"63":4,"64":1,"65":4,"66":0,"67":4,"68":3,"69":11,"70":11,"71":11,"72":9,"73":22,"74":22,"75":11,"76":3,"77":3},"f":{"0":3,"1":1,"2":1,"3":0,"4":4,"5":1,"6":3,"7":4,"8":2,"9":2,"10":1,"11":1,"12":1,"13":1,"14":4,"15":1,"16":11,"17":11,"18":9},"b":{"0":[1,3],"1":[1,1],"2":[0,1],"3":[3],"4":[2],"5":[1,1],"6":[0,1],"7":[1],"8":[1],"9":[4,0],"10":[0,4],"11":[4,0]}}
,"C:\\Users\\dalton.edmisten\\Desktop\\anonymous-server\\src\\handlers\\configHandler.ts": {"path":"C:\\Users\\dalton.edmisten\\Desktop\\anonymous-server\\src\\handlers\\configHandler.ts","statementMap":{"0":{"start":{"line":3,"column":0},"end":{"line":3,"column":73}},"1":{"start":{"line":5,"column":0},"end":{"line":5,"column":13}},"2":{"start":{"line":6,"column":4},"end":{"line":6,"column":16}},"3":{"start":{"line":10,"column":11},"end":{"line":13,"column":null}},"4":{"start":{"line":10,"column":60},"end":{"line":13,"column":null}},"5":{"start":{"line":11,"column":33},"end":{"line":11,"column":65}},"6":{"start":{"line":11,"column":14},"end":{"line":11,"column":null}},"7":{"start":{"line":12,"column":8},"end":{"line":12,"column":null}},"8":{"start":{"line":15,"column":11},"end":{"line":19,"column":null}},"9":{"start":{"line":15,"column":62},"end":{"line":19,"column":null}},"10":{"start":{"line":16,"column":34},"end":{"line":16,"column":null}},"11":{"start":{"line":16,"column":14},"end":{"line":16,"column":null}},"12":{"start":{"line":17,"column":14},"end":{"line":17,"column":null}},"13":{"start":{"line":17,"column":63},"end":{"line":17,"column":95}},"14":{"start":{"line":18,"column":8},"end":{"line":18,"column":null}},"15":{"start":{"line":21,"column":11},"end":{"line":35,"column":null}},"16":{"start":{"line":21,"column":60},"end":{"line":35,"column":null}},"17":{"start":{"line":22,"column":8},"end":{"line":25,"column":null}},"18":{"start":{"line":23,"column":12},"end":{"line":23,"column":null}},"19":{"start":{"line":24,"column":12},"end":{"line":24,"column":18}},"20":{"start":{"line":26,"column":23},"end":{"line":26,"column":null}},"21":{"start":{"line":26,"column":14},"end":{"line":26,"column":null}},"22":{"start":{"line":28,"column":8},"end":{"line":34,"column":null}},"23":{"start":{"line":29,"column":12},"end":{"line":29,"column":null}},"24":{"start":{"line":30,"column":15},"end":{"line":34,"column":null}},"25":{"start":{"line":31,"column":12},"end":{"line":31,"column":null}},"26":{"start":{"line":33,"column":12},"end":{"line":33,"column":null}},"27":{"start":{"line":37,"column":11},"end":{"line":44,"column":null}},"28":{"start":{"line":37,"column":57},"end":{"line":44,"column":null}},"29":{"start":{"line":38,"column":24},"end":{"line":42,"column":null}},"30":{"start":{"line":38,"column":14},"end":{"line":42,"column":null}},"31":{"start":{"line":43,"column":8},"end":{"line":43,"column":null}},"32":{"start":{"line":46,"column":11},"end":{"line":53,"column":null}},"33":{"start":{"line":46,"column":63},"end":{"line":53,"column":null}},"34":{"start":{"line":47,"column":24},"end":{"line":51,"column":null}},"35":{"start":{"line":47,"column":14},"end":{"line":51,"column":null}},"36":{"start":{"line":52,"column":8},"end":{"line":52,"column":null}},"37":{"start":{"line":55,"column":11},"end":{"line":59,"column":null}},"38":{"start":{"line":55,"column":56},"end":{"line":59,"column":null}},"39":{"start":{"line":56,"column":33},"end":{"line":56,"column":64}},"40":{"start":{"line":56,"column":14},"end":{"line":56,"column":null}},"41":{"start":{"line":56,"column":80},"end":{"line":56,"column":112}},"42":{"start":{"line":57,"column":14},"end":{"line":57,"column":null}},"43":{"start":{"line":58,"column":8},"end":{"line":58,"column":null}},"44":{"start":{"line":7,"column":8},"end":{"line":7,"column":null}},"45":{"start":{"line":62,"column":0},"end":{"line":62,"column":null}},"46":{"start":{"line":5,"column":13},"end":{"line":5,"column":26}}},"fnMap":{"0":{"name":"(anonymous_13)","decl":{"start":{"line":5,"column":0},"end":{"line":5,"column":13}},"loc":{"start":{"line":5,"column":0},"end":{"line":62,"column":null}}},"1":{"name":"ConfigHandler","decl":{"start":{"line":6,"column":4},"end":{"line":6,"column":16}},"loc":{"start":{"line":6,"column":29},"end":{"line":8,"column":5}}},"2":{"name":"(anonymous_15)","decl":{"start":{"line":10,"column":26},"end":{"line":10,"column":33}},"loc":{"start":{"line":10,"column":60},"end":{"line":13,"column":null}}},"3":{"name":"(anonymous_16)","decl":{"start":{"line":10,"column":60},"end":{"line":10,"column":null}},"loc":{"start":{"line":10,"column":60},"end":{"line":13,"column":null}}},"4":{"name":"(anonymous_18)","decl":{"start":{"line":15,"column":28},"end":{"line":15,"column":35}},"loc":{"start":{"line":15,"column":62},"end":{"line":19,"column":null}}},"5":{"name":"(anonymous_19)","decl":{"start":{"line":15,"column":62},"end":{"line":15,"column":null}},"loc":{"start":{"line":15,"column":62},"end":{"line":19,"column":null}}},"6":{"name":"(anonymous_21)","decl":{"start":{"line":17,"column":44},"end":{"line":17,"column":45}},"loc":{"start":{"line":17,"column":58},"end":{"line":17,"column":67}}},"7":{"name":"(anonymous_22)","decl":{"start":{"line":21,"column":26},"end":{"line":21,"column":33}},"loc":{"start":{"line":21,"column":60},"end":{"line":35,"column":null}}},"8":{"name":"(anonymous_23)","decl":{"start":{"line":21,"column":60},"end":{"line":21,"column":null}},"loc":{"start":{"line":21,"column":60},"end":{"line":35,"column":null}}},"9":{"name":"(anonymous_25)","decl":{"start":{"line":37,"column":23},"end":{"line":37,"column":30}},"loc":{"start":{"line":37,"column":57},"end":{"line":44,"column":null}}},"10":{"name":"(anonymous_26)","decl":{"start":{"line":37,"column":57},"end":{"line":37,"column":null}},"loc":{"start":{"line":37,"column":57},"end":{"line":44,"column":null}}},"11":{"name":"(anonymous_28)","decl":{"start":{"line":46,"column":29},"end":{"line":46,"column":36}},"loc":{"start":{"line":46,"column":63},"end":{"line":53,"column":null}}},"12":{"name":"(anonymous_29)","decl":{"start":{"line":46,"column":63},"end":{"line":46,"column":null}},"loc":{"start":{"line":46,"column":63},"end":{"line":53,"column":null}}},"13":{"name":"(anonymous_31)","decl":{"start":{"line":55,"column":22},"end":{"line":55,"column":29}},"loc":{"start":{"line":55,"column":56},"end":{"line":59,"column":null}}},"14":{"name":"(anonymous_32)","decl":{"start":{"line":55,"column":56},"end":{"line":55,"column":null}},"loc":{"start":{"line":55,"column":56},"end":{"line":59,"column":null}}},"15":{"name":"(anonymous_34)","decl":{"start":{"line":56,"column":70},"end":{"line":56,"column":71}},"loc":{"start":{"line":56,"column":75},"end":{"line":56,"column":84}}}},"branchMap":{"0":{"loc":{"start":{"line":16,"column":34},"end":{"line":16,"column":null}},"type":"switch","locations":[{"start":{"line":16,"column":34},"end":{"line":16,"column":null}}]},"1":{"loc":{"start":{"line":22,"column":8},"end":{"line":25,"column":null}},"type":"if","locations":[{"start":{"line":22,"column":8},"end":{"line":25,"column":null}},{"start":{"line":22,"column":8},"end":{"line":25,"column":null}}]},"2":{"loc":{"start":{"line":28,"column":8},"end":{"line":34,"column":null}},"type":"if","locations":[{"start":{"line":28,"column":8},"end":{"line":34,"column":null}},{"start":{"line":28,"column":8},"end":{"line":34,"column":null}}]},"3":{"loc":{"start":{"line":30,"column":15},"end":{"line":34,"column":null}},"type":"if","locations":[{"start":{"line":30,"column":15},"end":{"line":34,"column":null}},{"start":{"line":30,"column":15},"end":{"line":34,"column":null}}]},"4":{"loc":{"start":{"line":38,"column":24},"end":{"line":42,"column":null}},"type":"switch","locations":[{"start":{"line":38,"column":24},"end":{"line":42,"column":null}}]},"5":{"loc":{"start":{"line":43,"column":29},"end":{"line":43,"column":32}},"type":"cond-expr","locations":[{"start":{"line":43,"column":29},"end":{"line":43,"column":32}},{"start":{"line":43,"column":35},"end":{"line":43,"column":38}}]},"6":{"loc":{"start":{"line":47,"column":24},"end":{"line":51,"column":null}},"type":"switch","locations":[{"start":{"line":47,"column":24},"end":{"line":51,"column":null}}]},"7":{"loc":{"start":{"line":52,"column":29},"end":{"line":52,"column":32}},"type":"cond-expr","locations":[{"start":{"line":52,"column":29},"end":{"line":52,"column":32}},{"start":{"line":52,"column":35},"end":{"line":52,"column":38}}]},"8":{"loc":{"start":{"line":56,"column":33},"end":{"line":56,"column":64}},"type":"switch","locations":[{"start":{"line":56,"column":33},"end":{"line":56,"column":64}}]}},"s":{"0":2,"1":2,"2":3,"3":3,"4":1,"5":1,"6":1,"7":1,"8":3,"9":1,"10":1,"11":1,"12":1,"13":1,"14":1,"15":3,"16":5,"17":5,"18":1,"19":1,"20":4,"21":4,"22":4,"23":2,"24":2,"25":2,"26":0,"27":3,"28":1,"29":1,"30":1,"31":1,"32":3,"33":1,"34":1,"35":1,"36":1,"37":3,"38":1,"39":1,"40":1,"41":1,"42":1,"43":1,"44":3,"45":2,"46":2},"f":{"0":2,"1":3,"2":1,"3":1,"4":1,"5":1,"6":1,"7":5,"8":5,"9":1,"10":1,"11":1,"12":1,"13":1,"14":1,"15":1},"b":{"0":[1],"1":[1,4],"2":[2,2],"3":[2,0],"4":[1],"5":[1,0],"6":[1],"7":[1,0],"8":[1]}}
,"C:\\Users\\dalton.edmisten\\Desktop\\anonymous-server\\src\\handlers\\index.ts": {"path":"C:\\Users\\dalton.edmisten\\Desktop\\anonymous-server\\src\\handlers\\index.ts","statementMap":{"0":{"start":{"line":1,"column":0},"end":{"line":1,"column":31}},"1":{"start":{"line":2,"column":0},"end":{"line":2,"column":31}},"2":{"start":{"line":3,"column":0},"end":{"line":3,"column":31}},"3":{"start":{"line":4,"column":0},"end":{"line":4,"column":28}}},"fnMap":{},"branchMap":{},"s":{"0":2,"1":2,"2":2,"3":2},"f":{},"b":{}}
,"C:\\Users\\dalton.edmisten\\Desktop\\anonymous-server\\src\\handlers\\logHandler.ts": {"path":"C:\\Users\\dalton.edmisten\\Desktop\\anonymous-server\\src\\handlers\\logHandler.ts","statementMap":{"0":{"start":{"line":3,"column":0},"end":{"line":3,"column":31}},"1":{"start":{"line":5,"column":0},"end":{"line":5,"column":13}},"2":{"start":{"line":7,"column":18},"end":{"line":10,"column":null}},"3":{"start":{"line":8,"column":21},"end":{"line":8,"column":34}},"4":{"start":{"line":9,"column":8},"end":{"line":9,"column":null}},"5":{"start":{"line":12,"column":18},"end":{"line":15,"column":null}},"6":{"start":{"line":13,"column":21},"end":{"line":13,"column":49}},"7":{"start":{"line":14,"column":8},"end":{"line":14,"column":null}},"8":{"start":{"line":16,"column":0},"end":{"line":16,"column":null}},"9":{"start":{"line":5,"column":13},"end":{"line":5,"column":23}}},"fnMap":{"0":{"name":"(anonymous_0)","decl":{"start":{"line":5,"column":0},"end":{"line":5,"column":13}},"loc":{"start":{"line":5,"column":0},"end":{"line":5,"column":13}}},"1":{"name":"(anonymous_2)","decl":{"start":{"line":7,"column":28},"end":{"line":7,"column":29}},"loc":{"start":{"line":7,"column":56},"end":{"line":10,"column":5}}},"2":{"name":"(anonymous_3)","decl":{"start":{"line":12,"column":35},"end":{"line":12,"column":36}},"loc":{"start":{"line":12,"column":63},"end":{"line":15,"column":5}}}},"branchMap":{},"s":{"0":2,"1":2,"2":2,"3":1,"4":1,"5":2,"6":1,"7":1,"8":2,"9":2},"f":{"0":2,"1":1,"2":1},"b":{}}
,"C:\\Users\\dalton.edmisten\\Desktop\\anonymous-server\\src\\handlers\\objectHandler.ts": {"path":"C:\\Users\\dalton.edmisten\\Desktop\\anonymous-server\\src\\handlers\\objectHandler.ts","statementMap":{"0":{"start":{"line":3,"column":0},"end":{"line":3,"column":78}},"1":{"start":{"line":5,"column":0},"end":{"line":5,"column":13}},"2":{"start":{"line":6,"column":2},"end":{"line":6,"column":14}},"3":{"start":{"line":10,"column":9},"end":{"line":22,"column":null}},"4":{"start":{"line":10,"column":52},"end":{"line":22,"column":null}},"5":{"start":{"line":11,"column":20},"end":{"line":11,"column":null}},"6":{"start":{"line":11,"column":10},"end":{"line":11,"column":null}},"7":{"start":{"line":13,"column":10},"end":{"line":13,"column":null}},"8":{"start":{"line":13,"column":42},"end":{"line":13,"column":74}},"9":{"start":{"line":15,"column":16},"end":{"line":15,"column":null}},"10":{"start":{"line":15,"column":8},"end":{"line":15,"column":null}},"11":{"start":{"line":17,"column":4},"end":{"line":19,"column":null}},"12":{"start":{"line":18,"column":6},"end":{"line":18,"column":null}},"13":{"start":{"line":21,"column":4},"end":{"line":21,"column":null}},"14":{"start":{"line":24,"column":9},"end":{"line":29,"column":null}},"15":{"start":{"line":24,"column":53},"end":{"line":29,"column":null}},"16":{"start":{"line":25,"column":18},"end":{"line":25,"column":67}},"17":{"start":{"line":25,"column":8},"end":{"line":25,"column":null}},"18":{"start":{"line":26,"column":29},"end":{"line":26,"column":60}},"19":{"start":{"line":26,"column":10},"end":{"line":26,"column":null}},"20":{"start":{"line":26,"column":76},"end":{"line":26,"column":108}},"21":{"start":{"line":27,"column":4},"end":{"line":27,"column":null}},"22":{"start":{"line":28,"column":4},"end":{"line":28,"column":null}},"23":{"start":{"line":31,"column":9},"end":{"line":38,"column":null}},"24":{"start":{"line":31,"column":55},"end":{"line":38,"column":null}},"25":{"start":{"line":32,"column":20},"end":{"line":36,"column":null}},"26":{"start":{"line":32,"column":10},"end":{"line":36,"column":null}},"27":{"start":{"line":37,"column":4},"end":{"line":37,"column":null}},"28":{"start":{"line":40,"column":9},"end":{"line":47,"column":null}},"29":{"start":{"line":40,"column":61},"end":{"line":47,"column":null}},"30":{"start":{"line":41,"column":20},"end":{"line":45,"column":null}},"31":{"start":{"line":41,"column":10},"end":{"line":45,"column":null}},"32":{"start":{"line":46,"column":4},"end":{"line":46,"column":null}},"33":{"start":{"line":49,"column":9},"end":{"line":65,"column":null}},"34":{"start":{"line":49,"column":52},"end":{"line":65,"column":null}},"35":{"start":{"line":50,"column":29},"end":{"line":50,"column":60}},"36":{"start":{"line":50,"column":10},"end":{"line":50,"column":null}},"37":{"start":{"line":50,"column":76},"end":{"line":50,"column":108}},"38":{"start":{"line":51,"column":4},"end":{"line":54,"column":null}},"39":{"start":{"line":52,"column":6},"end":{"line":52,"column":null}},"40":{"start":{"line":53,"column":6},"end":{"line":53,"column":12}},"41":{"start":{"line":55,"column":10},"end":{"line":55,"column":null}},"42":{"start":{"line":57,"column":19},"end":{"line":57,"column":null}},"43":{"start":{"line":57,"column":10},"end":{"line":57,"column":null}},"44":{"start":{"line":58,"column":4},"end":{"line":64,"column":null}},"45":{"start":{"line":59,"column":6},"end":{"line":59,"column":null}},"46":{"start":{"line":60,"column":11},"end":{"line":64,"column":null}},"47":{"start":{"line":61,"column":6},"end":{"line":61,"column":null}},"48":{"start":{"line":63,"column":6},"end":{"line":63,"column":null}},"49":{"start":{"line":67,"column":9},"end":{"line":73,"column":null}},"50":{"start":{"line":67,"column":52},"end":{"line":73,"column":null}},"51":{"start":{"line":68,"column":29},"end":{"line":71,"column":null}},"52":{"start":{"line":68,"column":10},"end":{"line":71,"column":null}},"53":{"start":{"line":72,"column":4},"end":{"line":72,"column":null}},"54":{"start":{"line":75,"column":9},"end":{"line":78,"column":null}},"55":{"start":{"line":75,"column":55},"end":{"line":78,"column":null}},"56":{"start":{"line":76,"column":20},"end":{"line":76,"column":null}},"57":{"start":{"line":76,"column":10},"end":{"line":76,"column":null}},"58":{"start":{"line":77,"column":4},"end":{"line":77,"column":null}},"59":{"start":{"line":7,"column":4},"end":{"line":7,"column":null}},"60":{"start":{"line":80,"column":0},"end":{"line":80,"column":null}},"61":{"start":{"line":5,"column":13},"end":{"line":5,"column":26}}},"fnMap":{"0":{"name":"(anonymous_13)","decl":{"start":{"line":5,"column":0},"end":{"line":5,"column":13}},"loc":{"start":{"line":5,"column":0},"end":{"line":80,"column":null}}},"1":{"name":"ObjectHandler","decl":{"start":{"line":6,"column":2},"end":{"line":6,"column":14}},"loc":{"start":{"line":6,"column":27},"end":{"line":8,"column":3}}},"2":{"name":"(anonymous_15)","decl":{"start":{"line":10,"column":18},"end":{"line":10,"column":25}},"loc":{"start":{"line":10,"column":52},"end":{"line":22,"column":null}}},"3":{"name":"(anonymous_16)","decl":{"start":{"line":10,"column":52},"end":{"line":10,"column":null}},"loc":{"start":{"line":10,"column":52},"end":{"line":22,"column":null}}},"4":{"name":"(anonymous_18)","decl":{"start":{"line":13,"column":32},"end":{"line":13,"column":33}},"loc":{"start":{"line":13,"column":37},"end":{"line":13,"column":46}}},"5":{"name":"(anonymous_19)","decl":{"start":{"line":17,"column":22},"end":{"line":17,"column":23}},"loc":{"start":{"line":17,"column":27},"end":{"line":19,"column":5}}},"6":{"name":"(anonymous_20)","decl":{"start":{"line":24,"column":19},"end":{"line":24,"column":26}},"loc":{"start":{"line":24,"column":53},"end":{"line":29,"column":null}}},"7":{"name":"(anonymous_21)","decl":{"start":{"line":24,"column":53},"end":{"line":24,"column":null}},"loc":{"start":{"line":24,"column":53},"end":{"line":29,"column":null}}},"8":{"name":"(anonymous_23)","decl":{"start":{"line":26,"column":66},"end":{"line":26,"column":67}},"loc":{"start":{"line":26,"column":71},"end":{"line":26,"column":80}}},"9":{"name":"(anonymous_24)","decl":{"start":{"line":31,"column":21},"end":{"line":31,"column":28}},"loc":{"start":{"line":31,"column":55},"end":{"line":38,"column":null}}},"10":{"name":"(anonymous_25)","decl":{"start":{"line":31,"column":55},"end":{"line":31,"column":null}},"loc":{"start":{"line":31,"column":55},"end":{"line":38,"column":null}}},"11":{"name":"(anonymous_27)","decl":{"start":{"line":40,"column":27},"end":{"line":40,"column":34}},"loc":{"start":{"line":40,"column":61},"end":{"line":47,"column":null}}},"12":{"name":"(anonymous_28)","decl":{"start":{"line":40,"column":61},"end":{"line":40,"column":null}},"loc":{"start":{"line":40,"column":61},"end":{"line":47,"column":null}}},"13":{"name":"(anonymous_30)","decl":{"start":{"line":49,"column":18},"end":{"line":49,"column":25}},"loc":{"start":{"line":49,"column":52},"end":{"line":65,"column":null}}},"14":{"name":"(anonymous_31)","decl":{"start":{"line":49,"column":52},"end":{"line":49,"column":null}},"loc":{"start":{"line":49,"column":52},"end":{"line":65,"column":null}}},"15":{"name":"(anonymous_33)","decl":{"start":{"line":50,"column":66},"end":{"line":50,"column":67}},"loc":{"start":{"line":50,"column":71},"end":{"line":50,"column":80}}},"16":{"name":"(anonymous_34)","decl":{"start":{"line":67,"column":18},"end":{"line":67,"column":25}},"loc":{"start":{"line":67,"column":52},"end":{"line":73,"column":null}}},"17":{"name":"(anonymous_35)","decl":{"start":{"line":67,"column":52},"end":{"line":67,"column":null}},"loc":{"start":{"line":67,"column":52},"end":{"line":73,"column":null}}},"18":{"name":"(anonymous_37)","decl":{"start":{"line":75,"column":21},"end":{"line":75,"column":28}},"loc":{"start":{"line":75,"column":55},"end":{"line":78,"column":null}}},"19":{"name":"(anonymous_38)","decl":{"start":{"line":75,"column":55},"end":{"line":75,"column":null}},"loc":{"start":{"line":75,"column":55},"end":{"line":78,"column":null}}}},"branchMap":{"0":{"loc":{"start":{"line":11,"column":20},"end":{"line":11,"column":null}},"type":"switch","locations":[{"start":{"line":11,"column":20},"end":{"line":11,"column":null}}]},"1":{"loc":{"start":{"line":25,"column":18},"end":{"line":25,"column":67}},"type":"switch","locations":[{"start":{"line":25,"column":18},"end":{"line":25,"column":67}}]},"2":{"loc":{"start":{"line":25,"column":18},"end":{"line":25,"column":24}},"type":"binary-expr","locations":[{"start":{"line":25,"column":18},"end":{"line":25,"column":24}},{"start":{"line":25,"column":71},"end":{"line":25,"column":75}}]},"3":{"loc":{"start":{"line":27,"column":22},"end":{"line":27,"column":58}},"type":"cond-expr","locations":[{"start":{"line":27,"column":22},"end":{"line":27,"column":58}},{"start":{"line":27,"column":61},"end":{"line":27,"column":65}}]},"4":{"loc":{"start":{"line":28,"column":32},"end":{"line":28,"column":35}},"type":"cond-expr","locations":[{"start":{"line":28,"column":32},"end":{"line":28,"column":35}},{"start":{"line":28,"column":38},"end":{"line":28,"column":41}}]},"5":{"loc":{"start":{"line":32,"column":20},"end":{"line":36,"column":null}},"type":"switch","locations":[{"start":{"line":32,"column":20},"end":{"line":36,"column":null}}]},"6":{"loc":{"start":{"line":37,"column":25},"end":{"line":37,"column":28}},"type":"cond-expr","locations":[{"start":{"line":37,"column":25},"end":{"line":37,"column":28}},{"start":{"line":37,"column":31},"end":{"line":37,"column":34}}]},"7":{"loc":{"start":{"line":41,"column":20},"end":{"line":45,"column":null}},"type":"switch","locations":[{"start":{"line":41,"column":20},"end":{"line":45,"column":null}}]},"8":{"loc":{"start":{"line":46,"column":25},"end":{"line":46,"column":28}},"type":"cond-expr","locations":[{"start":{"line":46,"column":25},"end":{"line":46,"column":28}},{"start":{"line":46,"column":31},"end":{"line":46,"column":34}}]},"9":{"loc":{"start":{"line":50,"column":29},"end":{"line":50,"column":60}},"type":"switch","locations":[{"start":{"line":50,"column":29},"end":{"line":50,"column":60}}]},"10":{"loc":{"start":{"line":51,"column":4},"end":{"line":54,"column":null}},"type":"if","locations":[{"start":{"line":51,"column":4},"end":{"line":54,"column":null}},{"start":{"line":51,"column":4},"end":{"line":54,"column":null}}]},"11":{"loc":{"start":{"line":51,"column":8},"end":{"line":51,"column":28}},"type":"binary-expr","locations":[{"start":{"line":51,"column":8},"end":{"line":51,"column":28}},{"start":{"line":51,"column":32},"end":{"line":51,"column":47}}]},"12":{"loc":{"start":{"line":58,"column":4},"end":{"line":64,"column":null}},"type":"if","locations":[{"start":{"line":58,"column":4},"end":{"line":64,"column":null}},{"start":{"line":58,"column":4},"end":{"line":64,"column":null}}]},"13":{"loc":{"start":{"line":60,"column":11},"end":{"line":64,"column":null}},"type":"if","locations":[{"start":{"line":60,"column":11},"end":{"line":64,"column":null}},{"start":{"line":60,"column":11},"end":{"line":64,"column":null}}]},"14":{"loc":{"start":{"line":68,"column":29},"end":{"line":71,"column":null}},"type":"switch","locations":[{"start":{"line":68,"column":29},"end":{"line":71,"column":null}}]},"15":{"loc":{"start":{"line":72,"column":25},"end":{"line":72,"column":28}},"type":"cond-expr","locations":[{"start":{"line":72,"column":25},"end":{"line":72,"column":28}},{"start":{"line":72,"column":31},"end":{"line":72,"column":34}}]},"16":{"loc":{"start":{"line":76,"column":20},"end":{"line":76,"column":null}},"type":"switch","locations":[{"start":{"line":76,"column":20},"end":{"line":76,"column":null}}]},"17":{"loc":{"start":{"line":77,"column":25},"end":{"line":77,"column":28}},"type":"cond-expr","locations":[{"start":{"line":77,"column":25},"end":{"line":77,"column":28}},{"start":{"line":77,"column":31},"end":{"line":77,"column":34}}]}},"s":{"0":2,"1":2,"2":2,"3":2,"4":1,"5":1,"6":1,"7":1,"8":1,"9":1,"10":1,"11":1,"12":1,"13":1,"14":2,"15":0,"16":0,"17":0,"18":0,"19":0,"20":0,"21":0,"22":0,"23":2,"24":2,"25":2,"26":2,"27":2,"28":2,"29":2,"30":2,"31":2,"32":2,"33":2,"34":4,"35":4,"36":4,"37":4,"38":4,"39":1,"40":1,"41":3,"42":3,"43":3,"44":3,"45":1,"46":2,"47":2,"48":0,"49":2,"50":2,"51":2,"52":2,"53":2,"54":2,"55":2,"56":2,"57":2,"58":2,"59":2,"60":2,"61":2},"f":{"0":2,"1":2,"2":1,"3":1,"4":1,"5":1,"6":0,"7":0,"8":0,"9":2,"10":2,"11":2,"12":2,"13":4,"14":4,"15":4,"16":2,"17":2,"18":2,"19":2},"b":{"0":[1],"1":[0],"2":[0,0],"3":[0,0],"4":[0,0],"5":[2],"6":[2,0],"7":[2],"8":[2,0],"9":[4],"10":[1,3],"11":[4,3],"12":[1,2],"13":[2,0],"14":[2],"15":[2,0],"16":[2],"17":[0,2]}}
,"C:\\Users\\dalton.edmisten\\Desktop\\anonymous-server\\src\\handlers\\serverHandler.ts": {"path":"C:\\Users\\dalton.edmisten\\Desktop\\anonymous-server\\src\\handlers\\serverHandler.ts","statementMap":{"0":{"start":{"line":1,"column":0},"end":{"line":1,"column":42}},"1":{"start":{"line":5,"column":0},"end":{"line":5,"column":13}},"2":{"start":{"line":6,"column":4},"end":{"line":6,"column":16}},"3":{"start":{"line":11,"column":11},"end":{"line":18,"column":null}},"4":{"start":{"line":11,"column":54},"end":{"line":18,"column":null}},"5":{"start":{"line":12,"column":14},"end":{"line":12,"column":null}},"6":{"start":{"line":13,"column":8},"end":{"line":13,"column":null}},"7":{"start":{"line":14,"column":8},"end":{"line":14,"column":null}},"8":{"start":{"line":15,"column":8},"end":{"line":15,"column":15}},"9":{"start":{"line":15,"column":32},"end":{"line":15,"column":53}},"10":{"start":{"line":15,"column":8},"end":{"line":15,"column":null}},"11":{"start":{"line":16,"column":8},"end":{"line":16,"column":null}},"12":{"start":{"line":17,"column":8},"end":{"line":17,"column":null}},"13":{"start":{"line":7,"column":8},"end":{"line":7,"column":null}},"14":{"start":{"line":8,"column":8},"end":{"line":8,"column":null}},"15":{"start":{"line":22,"column":0},"end":{"line":22,"column":null}},"16":{"start":{"line":5,"column":13},"end":{"line":5,"column":26}}},"fnMap":{"0":{"name":"(anonymous_13)","decl":{"start":{"line":5,"column":0},"end":{"line":5,"column":13}},"loc":{"start":{"line":5,"column":0},"end":{"line":22,"column":null}}},"1":{"name":"ServerHandler","decl":{"start":{"line":6,"column":4},"end":{"line":6,"column":16}},"loc":{"start":{"line":6,"column":29},"end":{"line":9,"column":5}}},"2":{"name":"(anonymous_15)","decl":{"start":{"line":11,"column":20},"end":{"line":11,"column":27}},"loc":{"start":{"line":11,"column":54},"end":{"line":18,"column":null}}},"3":{"name":"(anonymous_16)","decl":{"start":{"line":11,"column":54},"end":{"line":11,"column":null}},"loc":{"start":{"line":11,"column":54},"end":{"line":18,"column":null}}}},"branchMap":{"0":{"loc":{"start":{"line":15,"column":55},"end":{"line":15,"column":66}},"type":"cond-expr","locations":[{"start":{"line":15,"column":55},"end":{"line":15,"column":66}},{"start":{"line":15,"column":69},"end":{"line":15,"column":83}}]}},"s":{"0":2,"1":2,"2":2,"3":2,"4":1,"5":1,"6":1,"7":1,"8":1,"9":1,"10":1,"11":1,"12":1,"13":2,"14":2,"15":2,"16":2},"f":{"0":2,"1":2,"2":1,"3":1},"b":{"0":[1,0]}}
,"C:\\Users\\dalton.edmisten\\Desktop\\anonymous-server\\src\\logging\\index.ts": {"path":"C:\\Users\\dalton.edmisten\\Desktop\\anonymous-server\\src\\logging\\index.ts","statementMap":{"0":{"start":{"line":1,"column":0},"end":{"line":1,"column":24}},"1":{"start":{"line":3,"column":0},"end":{"line":3,"column":21}},"2":{"start":{"line":7,"column":18},"end":{"line":15,"column":null}},"3":{"start":{"line":9,"column":8},"end":{"line":11,"column":null}},"4":{"start":{"line":10,"column":12},"end":{"line":10,"column":null}},"5":{"start":{"line":12,"column":24},"end":{"line":12,"column":82}},"6":{"start":{"line":13,"column":8},"end":{"line":13,"column":null}},"7":{"start":{"line":14,"column":8},"end":{"line":14,"column":null}},"8":{"start":{"line":17,"column":18},"end":{"line":25,"column":null}},"9":{"start":{"line":19,"column":8},"end":{"line":21,"column":null}},"10":{"start":{"line":20,"column":12},"end":{"line":20,"column":null}},"11":{"start":{"line":22,"column":24},"end":{"line":22,"column":81}},"12":{"start":{"line":23,"column":8},"end":{"line":23,"column":null}},"13":{"start":{"line":24,"column":8},"end":{"line":24,"column":null}},"14":{"start":{"line":27,"column":18},"end":{"line":35,"column":null}},"15":{"start":{"line":29,"column":8},"end":{"line":31,"column":null}},"16":{"start":{"line":30,"column":12},"end":{"line":30,"column":null}},"17":{"start":{"line":32,"column":24},"end":{"line":32,"column":81}},"18":{"start":{"line":33,"column":8},"end":{"line":33,"column":null}},"19":{"start":{"line":34,"column":8},"end":{"line":34,"column":null}},"20":{"start":{"line":37,"column":18},"end":{"line":45,"column":null}},"21":{"start":{"line":39,"column":8},"end":{"line":41,"column":null}},"22":{"start":{"line":40,"column":12},"end":{"line":40,"column":null}},"23":{"start":{"line":42,"column":24},"end":{"line":42,"column":82}},"24":{"start":{"line":43,"column":8},"end":{"line":43,"column":null}},"25":{"start":{"line":44,"column":8},"end":{"line":44,"column":null}},"26":{"start":{"line":47,"column":18},"end":{"line":55,"column":null}},"27":{"start":{"line":49,"column":8},"end":{"line":51,"column":null}},"28":{"start":{"line":50,"column":12},"end":{"line":50,"column":null}},"29":{"start":{"line":52,"column":24},"end":{"line":52,"column":82}},"30":{"start":{"line":53,"column":8},"end":{"line":53,"column":null}},"31":{"start":{"line":54,"column":8},"end":{"line":54,"column":null}},"32":{"start":{"line":57,"column":18},"end":{"line":65,"column":null}},"33":{"start":{"line":58,"column":19},"end":{"line":58,"column":23}},"34":{"start":{"line":59,"column":8},"end":{"line":63,"column":null}},"35":{"start":{"line":60,"column":12},"end":{"line":60,"column":null}},"36":{"start":{"line":62,"column":12},"end":{"line":62,"column":null}},"37":{"start":{"line":64,"column":8},"end":{"line":64,"column":null}},"38":{"start":{"line":67,"column":18},"end":{"line":69,"column":null}},"39":{"start":{"line":67,"column":23},"end":{"line":67,"column":null}},"40":{"start":{"line":68,"column":8},"end":{"line":68,"column":null}},"41":{"start":{"line":5,"column":18},"end":{"line":5,"column":null}},"42":{"start":{"line":70,"column":0},"end":{"line":70,"column":null}},"43":{"start":{"line":3,"column":21},"end":{"line":3,"column":null}}},"fnMap":{"0":{"name":"(anonymous_0)","decl":{"start":{"line":3,"column":0},"end":{"line":3,"column":21}},"loc":{"start":{"line":3,"column":0},"end":{"line":3,"column":21}}},"1":{"name":"(anonymous_2)","decl":{"start":{"line":7,"column":4},"end":{"line":7,"column":18}},"loc":{"start":{"line":7,"column":39},"end":{"line":15,"column":5}}},"2":{"name":"(anonymous_3)","decl":{"start":{"line":17,"column":4},"end":{"line":17,"column":18}},"loc":{"start":{"line":17,"column":38},"end":{"line":25,"column":5}}},"3":{"name":"(anonymous_4)","decl":{"start":{"line":27,"column":4},"end":{"line":27,"column":18}},"loc":{"start":{"line":27,"column":38},"end":{"line":35,"column":5}}},"4":{"name":"(anonymous_5)","decl":{"start":{"line":37,"column":4},"end":{"line":37,"column":18}},"loc":{"start":{"line":37,"column":39},"end":{"line":45,"column":5}}},"5":{"name":"(anonymous_6)","decl":{"start":{"line":47,"column":4},"end":{"line":47,"column":18}},"loc":{"start":{"line":48,"column":23},"end":{"line":55,"column":5}}},"6":{"name":"(anonymous_7)","decl":{"start":{"line":57,"column":4},"end":{"line":57,"column":18}},"loc":{"start":{"line":57,"column":42},"end":{"line":65,"column":5}}},"7":{"name":"(anonymous_8)","decl":{"start":{"line":67,"column":4},"end":{"line":67,"column":18}},"loc":{"start":{"line":67,"column":43},"end":{"line":69,"column":5}}}},"branchMap":{"0":{"loc":{"start":{"line":9,"column":8},"end":{"line":11,"column":null}},"type":"if","locations":[{"start":{"line":9,"column":8},"end":{"line":11,"column":null}},{"start":{"line":9,"column":8},"end":{"line":11,"column":null}}]},"1":{"loc":{"start":{"line":19,"column":8},"end":{"line":21,"column":null}},"type":"if","locations":[{"start":{"line":19,"column":8},"end":{"line":21,"column":null}},{"start":{"line":19,"column":8},"end":{"line":21,"column":null}}]},"2":{"loc":{"start":{"line":29,"column":8},"end":{"line":31,"column":null}},"type":"if","locations":[{"start":{"line":29,"column":8},"end":{"line":31,"column":null}},{"start":{"line":29,"column":8},"end":{"line":31,"column":null}}]},"3":{"loc":{"start":{"line":39,"column":8},"end":{"line":41,"column":null}},"type":"if","locations":[{"start":{"line":39,"column":8},"end":{"line":41,"column":null}},{"start":{"line":39,"column":8},"end":{"line":41,"column":null}}]},"4":{"loc":{"start":{"line":49,"column":8},"end":{"line":51,"column":null}},"type":"if","locations":[{"start":{"line":49,"column":8},"end":{"line":51,"column":null}},{"start":{"line":49,"column":8},"end":{"line":51,"column":null}}]},"5":{"loc":{"start":{"line":60,"column":31},"end":{"line":60,"column":35}},"type":"binary-expr","locations":[{"start":{"line":60,"column":31},"end":{"line":60,"column":35}},{"start":{"line":60,"column":39},"end":{"line":60,"column":48}}]},"6":{"loc":{"start":{"line":67,"column":23},"end":{"line":67,"column":null}},"type":"if","locations":[{"start":{"line":67,"column":23},"end":{"line":67,"column":null}},{"start":{"line":67,"column":23},"end":{"line":67,"column":null}}]}},"s":{"0":4,"1":4,"2":4,"3":1,"4":0,"5":1,"6":1,"7":1,"8":4,"9":3,"10":0,"11":3,"12":3,"13":3,"14":4,"15":1,"16":0,"17":1,"18":1,"19":1,"20":4,"21":1,"22":0,"23":1,"24":1,"25":1,"26":4,"27":1,"28":0,"29":1,"30":1,"31":1,"32":4,"33":8,"34":8,"35":8,"36":1,"37":8,"38":4,"39":13,"40":12,"41":4,"42":4,"43":4},"f":{"0":4,"1":1,"2":3,"3":1,"4":1,"5":1,"6":8,"7":12},"b":{"0":[0,1],"1":[0,3],"2":[0,1],"3":[0,1],"4":[0,1],"5":[8,0],"6":[1,11]}}
,"C:\\Users\\dalton.edmisten\\Desktop\\anonymous-server\\src\\server\\index.ts": {"path":"C:\\Users\\dalton.edmisten\\Desktop\\anonymous-server\\src\\server\\index.ts","statementMap":{"0":{"start":{"line":3,"column":0},"end":{"line":3,"column":28}},"1":{"start":{"line":4,"column":0},"end":{"line":4,"column":24}}},"fnMap":{},"branchMap":{},"s":{"0":1,"1":1},"f":{},"b":{}}
,"C:\\Users\\dalton.edmisten\\Desktop\\anonymous-server\\src\\server\\mockServer.ts": {"path":"C:\\Users\\dalton.edmisten\\Desktop\\anonymous-server\\src\\server\\mockServer.ts","statementMap":{"0":{"start":{"line":2,"column":0},"end":{"line":2,"column":55}},"1":{"start":{"line":4,"column":0},"end":{"line":4,"column":13}},"2":{"start":{"line":17,"column":2},"end":{"line":17,"column":null}},"3":{"start":{"line":5,"column":9},"end":{"line":13,"column":null}},"4":{"start":{"line":6,"column":4},"end":{"line":8,"column":null}},"5":{"start":{"line":7,"column":6},"end":{"line":7,"column":null}},"6":{"start":{"line":9,"column":4},"end":{"line":9,"column":null}},"7":{"start":{"line":10,"column":4},"end":{"line":12,"column":null}},"8":{"start":{"line":11,"column":6},"end":{"line":11,"column":null}},"9":{"start":{"line":18,"column":4},"end":{"line":18,"column":null}},"10":{"start":{"line":20,"column":0},"end":{"line":20,"column":null}},"11":{"start":{"line":4,"column":13},"end":{"line":4,"column":23}}},"fnMap":{"0":{"name":"(anonymous_0)","decl":{"start":{"line":4,"column":0},"end":{"line":4,"column":13}},"loc":{"start":{"line":4,"column":0},"end":{"line":20,"column":null}}},"1":{"name":"MockServer","decl":{"start":{"line":17,"column":2},"end":{"line":17,"column":null}},"loc":{"start":{"line":17,"column":2},"end":{"line":19,"column":3}}},"2":{"name":"(anonymous_2)","decl":{"start":{"line":5,"column":18},"end":{"line":5,"column":19}},"loc":{"start":{"line":5,"column":68},"end":{"line":13,"column":3}}}},"branchMap":{"0":{"loc":{"start":{"line":6,"column":4},"end":{"line":8,"column":null}},"type":"if","locations":[{"start":{"line":6,"column":4},"end":{"line":8,"column":null}},{"start":{"line":6,"column":4},"end":{"line":8,"column":null}}]},"1":{"loc":{"start":{"line":6,"column":8},"end":{"line":6,"column":35}},"type":"binary-expr","locations":[{"start":{"line":6,"column":8},"end":{"line":6,"column":35}},{"start":{"line":6,"column":39},"end":{"line":6,"column":52}},{"start":{"line":6,"column":56},"end":{"line":6,"column":64}}]},"2":{"loc":{"start":{"line":10,"column":4},"end":{"line":12,"column":null}},"type":"if","locations":[{"start":{"line":10,"column":4},"end":{"line":12,"column":null}},{"start":{"line":10,"column":4},"end":{"line":12,"column":null}}]}},"s":{"0":1,"1":1,"2":7,"3":7,"4":10,"5":8,"6":2,"7":2,"8":1,"9":7,"10":1,"11":1},"f":{"0":1,"1":7,"2":10},"b":{"0":[8,2],"1":[10,5,3],"2":[1,1]}}
,"C:\\Users\\dalton.edmisten\\Desktop\\anonymous-server\\src\\server\\server.ts": {"path":"C:\\Users\\dalton.edmisten\\Desktop\\anonymous-server\\src\\server\\server.ts","statementMap":{"0":{"start":{"line":1,"column":0},"end":{"line":1,"column":34}},"1":{"start":{"line":3,"column":0},"end":{"line":3,"column":37}},"2":{"start":{"line":4,"column":0},"end":{"line":4,"column":43}},"3":{"start":{"line":5,"column":0},"end":{"line":5,"column":55}},"4":{"start":{"line":6,"column":0},"end":{"line":6,"column":85}},"5":{"start":{"line":8,"column":0},"end":{"line":8,"column":31}},"6":{"start":{"line":10,"column":0},"end":{"line":10,"column":13}},"7":{"start":{"line":14,"column":8},"end":{"line":14,"column":null}},"8":{"start":{"line":16,"column":8},"end":{"line":16,"column":null}},"9":{"start":{"line":18,"column":8},"end":{"line":18,"column":null}},"10":{"start":{"line":21,"column":8},"end":{"line":21,"column":null}},"11":{"start":{"line":23,"column":8},"end":{"line":23,"column":null}},"12":{"start":{"line":25,"column":8},"end":{"line":25,"column":null}},"13":{"start":{"line":28,"column":8},"end":{"line":28,"column":null}},"14":{"start":{"line":31,"column":8},"end":{"line":31,"column":null}},"15":{"start":{"line":32,"column":8},"end":{"line":32,"column":null}},"16":{"start":{"line":33,"column":8},"end":{"line":33,"column":null}},"17":{"start":{"line":36,"column":8},"end":{"line":36,"column":null}},"18":{"start":{"line":39,"column":8},"end":{"line":39,"column":null}},"19":{"start":{"line":42,"column":8},"end":{"line":42,"column":null}},"20":{"start":{"line":45,"column":8},"end":{"line":45,"column":null}},"21":{"start":{"line":48,"column":8},"end":{"line":48,"column":null}},"22":{"start":{"line":51,"column":8},"end":{"line":51,"column":null}},"23":{"start":{"line":54,"column":8},"end":{"line":54,"column":null}},"24":{"start":{"line":57,"column":8},"end":{"line":57,"column":null}},"25":{"start":{"line":60,"column":8},"end":{"line":60,"column":null}},"26":{"start":{"line":62,"column":8},"end":{"line":62,"column":null}},"27":{"start":{"line":64,"column":8},"end":{"line":64,"column":null}},"28":{"start":{"line":66,"column":8},"end":{"line":66,"column":null}},"29":{"start":{"line":68,"column":8},"end":{"line":68,"column":null}},"30":{"start":{"line":71,"column":8},"end":{"line":76,"column":null}},"31":{"start":{"line":73,"column":12},"end":{"line":73,"column":null}},"32":{"start":{"line":75,"column":12},"end":{"line":75,"column":null}},"33":{"start":{"line":79,"column":11},"end":{"line":90,"column":null}},"34":{"start":{"line":81,"column":8},"end":{"line":83,"column":null}},"35":{"start":{"line":82,"column":12},"end":{"line":82,"column":null}},"36":{"start":{"line":85,"column":27},"end":{"line":85,"column":84}},"37":{"start":{"line":85,"column":35},"end":{"line":85,"column":83}},"38":{"start":{"line":87,"column":8},"end":{"line":87,"column":null}},"39":{"start":{"line":89,"column":8},"end":{"line":89,"column":null}},"40":{"start":{"line":92,"column":11},"end":{"line":94,"column":null}},"41":{"start":{"line":93,"column":8},"end":{"line":93,"column":null}},"42":{"start":{"line":96,"column":11},"end":{"line":98,"column":null}},"43":{"start":{"line":96,"column":41},"end":{"line":96,"column":55}},"44":{"start":{"line":97,"column":8},"end":{"line":97,"column":42}},"45":{"start":{"line":109,"column":0},"end":{"line":109,"column":null}},"46":{"start":{"line":10,"column":13},"end":{"line":10,"column":19}}},"fnMap":{"0":{"name":"(anonymous_1)","decl":{"start":{"line":10,"column":0},"end":{"line":10,"column":13}},"loc":{"start":{"line":10,"column":0},"end":{"line":109,"column":null}}},"1":{"name":"Server","decl":{"start":{"line":12,"column":4},"end":{"line":12,"column":16}},"loc":{"start":{"line":12,"column":42},"end":{"line":77,"column":5}}},"2":{"name":"(anonymous_3)","decl":{"start":{"line":79,"column":4},"end":{"line":79,"column":11}},"loc":{"start":{"line":79,"column":53},"end":{"line":90,"column":5}}},"3":{"name":"(anonymous_4)","decl":{"start":{"line":85,"column":27},"end":{"line":85,"column":35}},"loc":{"start":{"line":85,"column":27},"end":{"line":85,"column":84}}},"4":{"name":"(anonymous_5)","decl":{"start":{"line":92,"column":4},"end":{"line":92,"column":11}},"loc":{"start":{"line":92,"column":76},"end":{"line":94,"column":5}}},"5":{"name":"(anonymous_6)","decl":{"start":{"line":96,"column":4},"end":{"line":96,"column":11}},"loc":{"start":{"line":96,"column":39},"end":{"line":98,"column":5}}}},"branchMap":{"0":{"loc":{"start":{"line":71,"column":8},"end":{"line":76,"column":null}},"type":"if","locations":[{"start":{"line":71,"column":8},"end":{"line":76,"column":null}},{"start":{"line":71,"column":8},"end":{"line":76,"column":null}}]},"1":{"loc":{"start":{"line":81,"column":8},"end":{"line":83,"column":null}},"type":"if","locations":[{"start":{"line":81,"column":8},"end":{"line":83,"column":null}},{"start":{"line":81,"column":8},"end":{"line":83,"column":null}}]},"2":{"loc":{"start":{"line":81,"column":12},"end":{"line":81,"column":30}},"type":"binary-expr","locations":[{"start":{"line":81,"column":12},"end":{"line":81,"column":30}},{"start":{"line":81,"column":34},"end":{"line":81,"column":42}},{"start":{"line":81,"column":46},"end":{"line":81,"column":58}}]},"3":{"loc":{"start":{"line":89,"column":16},"end":{"line":89,"column":24}},"type":"binary-expr","locations":[{"start":{"line":89,"column":16},"end":{"line":89,"column":24}},{"start":{"line":89,"column":28},"end":{"line":89,"column":38}}]}},"s":{"0":1,"1":1,"2":1,"3":1,"4":1,"5":1,"6":1,"7":1,"8":1,"9":1,"10":1,"11":1,"12":1,"13":1,"14":1,"15":1,"16":1,"17":1,"18":1,"19":1,"20":1,"21":1,"22":1,"23":1,"24":1,"25":1,"26":1,"27":1,"28":1,"29":1,"30":1,"31":1,"32":1,"33":1,"34":10,"35":8,"36":2,"37":1,"38":2,"39":2,"40":1,"41":1,"42":1,"43":2,"44":1,"45":1,"46":1},"f":{"0":1,"1":1,"2":10,"3":1,"4":1,"5":1},"b":{"0":[1,0],"1":[8,2],"2":[10,5,4],"3":[2,1]}}
,"C:\\Users\\dalton.edmisten\\Desktop\\anonymous-server\\src\\utils\\index.ts": {"path":"C:\\Users\\dalton.edmisten\\Desktop\\anonymous-server\\src\\utils\\index.ts","statementMap":{"0":{"start":{"line":1,"column":0},"end":{"line":1,"column":32}},"1":{"start":{"line":4,"column":2},"end":{"line":4,"column":null}},"2":{"start":{"line":4,"column":34},"end":{"line":4,"column":58}},"3":{"start":{"line":3,"column":0},"end":{"line":3,"column":16}},"4":{"start":{"line":8,"column":2},"end":{"line":10,"column":null}},"5":{"start":{"line":9,"column":4},"end":{"line":9,"column":null}},"6":{"start":{"line":7,"column":0},"end":{"line":7,"column":16}},"7":{"start":{"line":14,"column":2},"end":{"line":14,"column":null}},"8":{"start":{"line":13,"column":0},"end":{"line":13,"column":16}},"9":{"start":{"line":18,"column":2},"end":{"line":18,"column":null}},"10":{"start":{"line":17,"column":0},"end":{"line":17,"column":16}},"11":{"start":{"line":24,"column":2},"end":{"line":26,"column":null}},"12":{"start":{"line":25,"column":4},"end":{"line":25,"column":null}},"13":{"start":{"line":27,"column":2},"end":{"line":29,"column":null}},"14":{"start":{"line":28,"column":4},"end":{"line":28,"column":null}},"15":{"start":{"line":31,"column":2},"end":{"line":37,"column":null}},"16":{"start":{"line":32,"column":4},"end":{"line":36,"column":null}},"17":{"start":{"line":33,"column":6},"end":{"line":33,"column":null}},"18":{"start":{"line":35,"column":6},"end":{"line":35,"column":null}},"19":{"start":{"line":38,"column":2},"end":{"line":38,"column":null}},"20":{"start":{"line":22,"column":0},"end":{"line":22,"column":16}},"21":{"start":{"line":44,"column":23},"end":{"line":44,"column":47}},"22":{"start":{"line":45,"column":2},"end":{"line":47,"column":null}},"23":{"start":{"line":46,"column":4},"end":{"line":46,"column":null}},"24":{"start":{"line":48,"column":15},"end":{"line":48,"column":44}},"25":{"start":{"line":49,"column":2},"end":{"line":49,"column":null}},"26":{"start":{"line":50,"column":16},"end":{"line":50,"column":44}},"27":{"start":{"line":51,"column":2},"end":{"line":51,"column":null}},"28":{"start":{"line":52,"column":18},"end":{"line":52,"column":44}},"29":{"start":{"line":53,"column":2},"end":{"line":53,"column":null}},"30":{"start":{"line":54,"column":18},"end":{"line":54,"column":43}},"31":{"start":{"line":55,"column":2},"end":{"line":55,"column":null}},"32":{"start":{"line":56,"column":23},"end":{"line":56,"column":29}},"33":{"start":{"line":57,"column":2},"end":{"line":57,"column":null}},"34":{"start":{"line":43,"column":0},"end":{"line":43,"column":16}},"35":{"start":{"line":63,"column":15},"end":{"line":63,"column":32}},"36":{"start":{"line":64,"column":2},"end":{"line":64,"column":null}},"37":{"start":{"line":60,"column":0},"end":{"line":60,"column":16}}},"fnMap":{"0":{"name":"sleep","decl":{"start":{"line":3,"column":16},"end":{"line":3,"column":21}},"loc":{"start":{"line":3,"column":24},"end":{"line":5,"column":1}}},"1":{"name":"(anonymous_1)","decl":{"start":{"line":4,"column":21},"end":{"line":4,"column":22}},"loc":{"start":{"line":4,"column":29},"end":{"line":4,"column":44}}},"2":{"name":"guid","decl":{"start":{"line":7,"column":16},"end":{"line":7,"column":20}},"loc":{"start":{"line":7,"column":20},"end":{"line":11,"column":1}}},"3":{"name":"(anonymous_3)","decl":{"start":{"line":8,"column":78},"end":{"line":8,"column":79}},"loc":{"start":{"line":8,"column":80},"end":{"line":9,"column":5}}},"4":{"name":"isInt","decl":{"start":{"line":13,"column":16},"end":{"line":13,"column":21}},"loc":{"start":{"line":13,"column":27},"end":{"line":15,"column":1}}},"5":{"name":"isFloat","decl":{"start":{"line":17,"column":16},"end":{"line":17,"column":23}},"loc":{"start":{"line":17,"column":29},"end":{"line":19,"column":1}}},"6":{"name":"mergeObjectsWithOverwrite","decl":{"start":{"line":22,"column":16},"end":{"line":22,"column":41}},"loc":{"start":{"line":22,"column":74},"end":{"line":40,"column":1}}},"7":{"name":"(anonymous_7)","decl":{"start":{"line":31,"column":28},"end":{"line":31,"column":29}},"loc":{"start":{"line":31,"column":32},"end":{"line":37,"column":3}}},"8":{"name":"calculateUptime","decl":{"start":{"line":43,"column":16},"end":{"line":43,"column":31}},"loc":{"start":{"line":43,"column":51},"end":{"line":58,"column":1}}},"9":{"name":"dateTryParse","decl":{"start":{"line":60,"column":16},"end":{"line":60,"column":28}},"loc":{"start":{"line":61,"column":15},"end":{"line":66,"column":1}}}},"branchMap":{"0":{"loc":{"start":{"line":14,"column":9},"end":{"line":14,"column":32}},"type":"binary-expr","locations":[{"start":{"line":14,"column":9},"end":{"line":14,"column":32}},{"start":{"line":14,"column":36},"end":{"line":14,"column":51}}]},"1":{"loc":{"start":{"line":24,"column":2},"end":{"line":26,"column":null}},"type":"if","locations":[{"start":{"line":24,"column":2},"end":{"line":26,"column":null}},{"start":{"line":24,"column":2},"end":{"line":26,"column":null}}]},"2":{"loc":{"start":{"line":27,"column":2},"end":{"line":29,"column":null}},"type":"if","locations":[{"start":{"line":27,"column":2},"end":{"line":29,"column":null}},{"start":{"line":27,"column":2},"end":{"line":29,"column":null}}]},"3":{"loc":{"start":{"line":32,"column":4},"end":{"line":36,"column":null}},"type":"if","locations":[{"start":{"line":32,"column":4},"end":{"line":36,"column":null}},{"start":{"line":32,"column":4},"end":{"line":36,"column":null}}]},"4":{"loc":{"start":{"line":45,"column":2},"end":{"line":47,"column":null}},"type":"if","locations":[{"start":{"line":45,"column":2},"end":{"line":47,"column":null}},{"start":{"line":45,"column":2},"end":{"line":47,"column":null}}]},"5":{"loc":{"start":{"line":64,"column":24},"end":{"line":64,"column":53}},"type":"cond-expr","locations":[{"start":{"line":64,"column":24},"end":{"line":64,"column":53}},{"start":{"line":64,"column":56},"end":{"line":64,"column":73}}]}},"s":{"0":5,"1":13,"2":13,"3":5,"4":1,"5":31,"6":5,"7":4,"8":5,"9":4,"10":5,"11":11,"12":1,"13":10,"14":1,"15":9,"16":14,"17":2,"18":12,"19":9,"20":5,"21":3,"22":3,"23":1,"24":2,"25":2,"26":2,"27":2,"28":2,"29":2,"30":2,"31":2,"32":2,"33":2,"34":5,"35":6,"36":6,"37":5},"f":{"0":13,"1":13,"2":1,"3":31,"4":4,"5":4,"6":11,"7":14,"8":3,"9":6},"b":{"0":[4,2],"1":[1,10],"2":[1,9],"3":[2,12],"4":[1,2],"5":[3,3]}}
}
