TN:
SF:C:\Users\dalton.edmisten\Desktop\anonymous-server\src\config\index.ts
FN:8,verifyConfig
FN:29,validateDataWithConfig
FN:32,(anonymous_2)
FN:57,validateDataWithDefinition
FN:64,(anonymous_4)
FN:88,encryptBaseOnConfig
FN:93,(anonymous_6)
FN:104,decryptBasedOnConfig
FN:106,(anonymous_8)
FNF:9
FNH:9
FNDA:7,verifyConfig
FNDA:3,validateDataWithConfig
FNDA:20,(anonymous_2)
FNDA:4,validateDataWithDefinition
FNDA:18,(anonymous_4)
FNDA:1,encryptBaseOnConfig
FNDA:10,(anonymous_6)
FNDA:2,decryptBasedOnConfig
FNDA:10,(anonymous_8)
DA:3,3
DA:4,3
DA:8,3
DA:9,7
DA:10,7
DA:11,1
DA:13,19
DA:14,19
DA:15,1
DA:16,18
DA:17,1
DA:18,17
DA:19,1
DA:21,16
DA:24,6
DA:29,3
DA:30,3
DA:32,3
DA:33,20
DA:34,2
DA:35,18
DA:36,4
DA:37,1
DA:38,3
DA:39,1
DA:41,2
DA:43,14
DA:44,1
DA:45,13
DA:46,2
DA:48,11
DA:53,3
DA:58,4
DA:60,4
DA:61,1
DA:64,3
DA:66,18
DA:67,2
DA:68,16
DA:69,4
DA:70,1
DA:71,3
DA:72,1
DA:74,2
DA:76,12
DA:77,1
DA:78,11
DA:79,2
DA:81,9
DA:84,3
DA:88,3
DA:93,1
DA:94,10
DA:95,1
DA:96,9
DA:97,1
DA:101,1
DA:104,3
DA:106,2
DA:107,10
DA:108,1
DA:109,9
DA:110,1
DA:113,1
LF:64
LH:64
BRDA:9,0,0,7
BRDA:9,0,1,6
BRDA:10,1,0,1
BRDA:10,1,1,6
BRDA:14,2,0,1
BRDA:14,2,1,18
BRDA:14,3,0,19
BRDA:14,3,1,3
BRDA:14,3,2,3
BRDA:16,4,0,1
BRDA:16,4,1,17
BRDA:16,5,0,18
BRDA:16,5,1,2
BRDA:16,5,2,2
BRDA:18,6,0,1
BRDA:18,6,1,16
BRDA:18,7,0,17
BRDA:18,7,1,2
BRDA:18,7,2,2
BRDA:33,8,0,2
BRDA:33,8,1,18
BRDA:35,9,0,4
BRDA:35,9,1,14
BRDA:36,10,0,1
BRDA:36,10,1,3
BRDA:36,11,0,4
BRDA:36,11,1,2
BRDA:38,12,0,1
BRDA:38,12,1,2
BRDA:38,13,0,3
BRDA:38,13,1,2
BRDA:43,14,0,1
BRDA:43,14,1,13
BRDA:43,15,0,14
BRDA:43,15,1,2
BRDA:45,16,0,2
BRDA:45,16,1,11
BRDA:45,17,0,13
BRDA:45,17,1,2
BRDA:48,18,0,5
BRDA:48,18,1,6
BRDA:60,19,0,1
BRDA:60,19,1,3
BRDA:66,20,0,2
BRDA:66,20,1,16
BRDA:68,21,0,4
BRDA:68,21,1,12
BRDA:69,22,0,1
BRDA:69,22,1,3
BRDA:69,23,0,4
BRDA:69,23,1,2
BRDA:71,24,0,1
BRDA:71,24,1,2
BRDA:71,25,0,3
BRDA:71,25,1,2
BRDA:76,26,0,1
BRDA:76,26,1,11
BRDA:76,27,0,12
BRDA:76,27,1,2
BRDA:78,28,0,2
BRDA:78,28,1,9
BRDA:78,29,0,11
BRDA:78,29,1,2
BRDA:81,30,0,4
BRDA:81,30,1,5
BRDA:94,31,0,1
BRDA:94,31,1,9
BRDA:95,32,0,0
BRDA:95,32,1,1
BRDA:95,33,0,1
BRDA:95,33,1,1
BRDA:96,34,0,1
BRDA:96,34,1,8
BRDA:107,35,0,1
BRDA:107,35,1,9
BRDA:109,36,0,1
BRDA:109,36,1,8
BRF:77
BRH:76
end_of_record
TN:
SF:C:\Users\dalton.edmisten\Desktop\anonymous-server\src\crypto\aes.ts
FN:2,(anonymous_0)
FN:4,(anonymous_2)
FN:28,(anonymous_3)
FNF:3
FNH:3
FNDA:4,(anonymous_0)
FNDA:3,(anonymous_2)
FNDA:7,(anonymous_3)
DA:1,4
DA:2,4
DA:4,4
DA:5,3
DA:6,1
DA:8,2
DA:9,2
DA:11,2
DA:12,2
DA:14,2
DA:16,2
DA:18,2
DA:19,2
DA:20,2
DA:28,4
DA:29,7
DA:30,1
DA:32,6
DA:33,6
DA:35,6
DA:38,6
DA:39,6
DA:40,2
DA:42,4
LF:24
LH:24
BRDA:5,0,0,1
BRDA:5,0,1,2
BRDA:29,1,0,1
BRDA:29,1,1,6
BRF:4
BRH:4
end_of_record
TN:
SF:C:\Users\dalton.edmisten\Desktop\anonymous-server\src\crypto\index.ts
FNF:0
FNH:0
DA:1,4
DA:2,4
LF:2
LH:2
BRF:0
BRH:0
end_of_record
TN:
SF:C:\Users\dalton.edmisten\Desktop\anonymous-server\src\crypto\sha2.ts
FN:2,(anonymous_0)
FN:4,(anonymous_2)
FN:19,(anonymous_3)
FNF:3
FNH:3
FNDA:4,(anonymous_0)
FNDA:8,(anonymous_2)
FNDA:5,(anonymous_3)
DA:1,4
DA:2,4
DA:4,4
DA:5,8
DA:6,2
DA:8,6
DA:9,6
DA:11,6
DA:12,6
DA:13,6
DA:19,4
DA:20,5
DA:21,4
DA:23,4
LF:14
LH:14
BRDA:5,0,0,2
BRDA:5,0,1,6
BRDA:8,1,0,6
BRDA:8,1,1,2
BRF:4
BRH:4
end_of_record
TN:
SF:C:\Users\dalton.edmisten\Desktop\anonymous-server\src\database\index.ts
FN:22,createDatabase
FNF:1
FNH:1
FNDA:17,createDatabase
DA:1,3
DA:2,3
DA:3,3
DA:19,3
DA:21,3
DA:22,3
DA:23,17
DA:24,1
DA:25,16
DA:26,12
DA:27,4
DA:28,1
DA:30,3
LF:13
LH:13
BRDA:23,0,0,1
BRDA:23,0,1,16
BRDA:25,1,0,12
BRDA:25,1,1,4
BRDA:27,2,0,1
BRDA:27,2,1,3
BRDA:27,3,0,4
BRDA:27,3,1,4
BRDA:27,3,2,4
BRF:9
BRH:9
end_of_record
TN:
SF:C:\Users\dalton.edmisten\Desktop\anonymous-server\src\database\mock.ts
FN:4,(anonymous_13)
FN:6,MockDatabase
FN:59,(anonymous_15)
FN:16,(anonymous_16)
FN:19,(anonymous_19)
FN:23,(anonymous_22)
FN:29,(anonymous_25)
FN:33,(anonymous_28)
FN:34,(anonymous_31)
FN:41,(anonymous_32)
FN:43,(anonymous_35)
FN:51,(anonymous_36)
FNF:12
FNH:12
FNDA:3,(anonymous_13)
FNDA:12,MockDatabase
FNDA:3,(anonymous_15)
FNDA:1,(anonymous_16)
FNDA:6,(anonymous_19)
FNDA:3,(anonymous_22)
FNDA:3,(anonymous_25)
FNDA:9,(anonymous_28)
FNDA:9,(anonymous_31)
FNDA:2,(anonymous_32)
FNDA:3,(anonymous_35)
FNDA:3,(anonymous_36)
DA:2,3
DA:4,3
DA:7,12
DA:8,12
DA:9,12
DA:10,12
DA:11,12
DA:12,12
DA:13,12
DA:16,3
DA:17,1
DA:19,3
DA:20,6
DA:21,6
DA:23,3
DA:24,3
DA:25,3
DA:26,1
DA:27,1
DA:29,3
DA:30,3
DA:31,3
DA:33,3
DA:34,9
DA:35,9
DA:36,8
DA:39,9
DA:41,3
DA:42,2
DA:43,2
DA:44,3
DA:45,2
DA:48,2
DA:49,2
DA:51,3
DA:52,3
DA:53,3
DA:55,12
DA:56,12
DA:59,12
DA:60,3
DA:61,1
DA:63,3
DA:65,12
DA:66,3
LF:45
LH:45
BRDA:60,0,0,1
BRDA:60,0,1,2
BRDA:35,1,0,8
BRDA:35,1,1,1
BRDA:44,2,0,2
BRDA:44,2,1,1
BRF:6
BRH:6
end_of_record
TN:
SF:C:\Users\dalton.edmisten\Desktop\anonymous-server\src\database\redis.ts
FN:7,(anonymous_13)
FN:116,RedisDatabase
FN:119,(anonymous_15)
FN:122,(anonymous_16)
FN:8,(anonymous_17)
FN:9,(anonymous_18)
FN:10,(anonymous_19)
FN:21,(anonymous_20)
FN:22,(anonymous_21)
FN:23,(anonymous_22)
FN:32,(anonymous_23)
FN:42,(anonymous_24)
FN:43,(anonymous_25)
FN:43,(anonymous_26)
FN:47,(anonymous_28)
FN:60,(anonymous_29)
FN:61,(anonymous_30)
FN:62,(anonymous_31)
FN:71,(anonymous_32)
FN:72,(anonymous_33)
FN:73,(anonymous_34)
FN:73,(anonymous_35)
FN:89,(anonymous_37)
FN:90,(anonymous_38)
FN:91,(anonymous_39)
FN:96,(anonymous_40)
FN:96,(anonymous_41)
FN:106,(anonymous_42)
FN:110,(anonymous_45)
FN:110,(anonymous_46)
FNF:30
FNH:29
FNDA:3,(anonymous_13)
FNDA:1,RedisDatabase
FNDA:1,(anonymous_15)
FNDA:0,(anonymous_16)
FNDA:3,(anonymous_17)
FNDA:3,(anonymous_18)
FNDA:3,(anonymous_19)
FNDA:3,(anonymous_20)
FNDA:3,(anonymous_21)
FNDA:3,(anonymous_22)
FNDA:3,(anonymous_23)
FNDA:1,(anonymous_24)
FNDA:1,(anonymous_25)
FNDA:1,(anonymous_26)
FNDA:1,(anonymous_28)
FNDA:1,(anonymous_29)
FNDA:1,(anonymous_30)
FNDA:1,(anonymous_31)
FNDA:1,(anonymous_32)
FNDA:1,(anonymous_33)
FNDA:1,(anonymous_34)
FNDA:1,(anonymous_35)
FNDA:1,(anonymous_37)
FNDA:1,(anonymous_38)
FNDA:1,(anonymous_39)
FNDA:2,(anonymous_40)
FNDA:2,(anonymous_41)
FNDA:1,(anonymous_42)
FNDA:4,(anonymous_45)
FNDA:3,(anonymous_46)
DA:2,3
DA:3,3
DA:4,3
DA:7,3
DA:8,3
DA:9,3
DA:10,3
DA:11,3
DA:12,0
DA:13,0
DA:14,0
DA:17,3
DA:21,3
DA:22,3
DA:23,3
DA:24,3
DA:25,3
DA:26,0
DA:27,0
DA:29,3
DA:30,0
DA:32,3
DA:33,3
DA:34,0
DA:35,0
DA:37,3
DA:42,3
DA:43,1
DA:45,1
DA:46,1
DA:47,1
DA:48,1
DA:49,0
DA:50,0
DA:52,1
DA:55,0
DA:56,0
DA:60,3
DA:61,1
DA:62,1
DA:63,1
DA:64,0
DA:65,0
DA:67,1
DA:71,3
DA:72,1
DA:73,1
DA:74,1
DA:75,0
DA:76,0
DA:78,1
DA:80,3
DA:81,1
DA:84,1
DA:89,3
DA:90,1
DA:91,1
DA:92,1
DA:93,0
DA:94,0
DA:96,2
DA:97,2
DA:98,0
DA:99,0
DA:102,1
DA:106,3
DA:107,1
DA:109,1
DA:110,7
DA:111,4
DA:112,4
DA:117,1
DA:118,1
DA:119,1
DA:120,1
DA:122,1
DA:123,0
DA:126,1
DA:127,1
DA:128,1
DA:129,1
DA:130,1
DA:131,1
DA:132,1
DA:133,1
DA:139,3
LF:86
LH:65
BRDA:11,0,0,0
BRDA:11,0,1,3
BRDA:11,1,0,3
BRDA:11,1,1,0
BRDA:24,2,0,3
BRDA:24,2,1,0
BRDA:25,3,0,0
BRDA:25,3,1,3
BRDA:29,4,0,0
BRDA:29,4,1,3
BRDA:33,5,0,0
BRDA:33,5,1,3
BRDA:48,6,0,0
BRDA:48,6,1,1
BRDA:63,7,0,0
BRDA:63,7,1,1
BRDA:74,8,0,0
BRDA:74,8,1,1
BRDA:80,9,0,1
BRDA:80,9,1,1
BRDA:92,10,0,0
BRDA:92,10,1,1
BRDA:97,11,0,0
BRDA:97,11,1,2
BRDA:107,12,0,1
BRDA:107,12,1,1
BRDA:107,13,0,1
BRDA:107,13,1,0
BRDA:110,14,0,3
BRDA:110,14,1,1
BRF:30
BRH:18
end_of_record
TN:
SF:C:\Users\dalton.edmisten\Desktop\anonymous-server\src\database\sqlite.ts
FN:7,(anonymous_13)
FN:8,SQLiteDatabase
FN:25,(anonymous_15)
FN:25,(anonymous_16)
FN:26,(anonymous_18)
FN:27,(anonymous_19)
FN:40,(anonymous_20)
FN:40,(anonymous_21)
FN:41,(anonymous_23)
FN:42,(anonymous_24)
FN:53,(anonymous_25)
FN:53,(anonymous_26)
FN:56,(anonymous_28)
FN:58,(anonymous_29)
FN:72,(anonymous_30)
FN:72,(anonymous_31)
FN:76,(anonymous_33)
FN:77,(anonymous_34)
FN:87,(anonymous_35)
FN:87,(anonymous_36)
FN:90,(anonymous_38)
FN:91,(anonymous_39)
FN:102,(anonymous_40)
FN:102,(anonymous_41)
FN:103,(anonymous_43)
FN:104,(anonymous_44)
FN:112,(anonymous_45)
FN:120,(anonymous_46)
FN:120,(anonymous_47)
FN:123,(anonymous_49)
FN:124,(anonymous_50)
FN:141,(anonymous_51)
FN:141,(anonymous_52)
FN:144,(anonymous_54)
FN:145,(anonymous_55)
FN:159,(anonymous_56)
FN:10,(anonymous_57)
FNF:37
FNH:37
FNDA:3,(anonymous_13)
FNDA:1,SQLiteDatabase
FNDA:1,(anonymous_15)
FNDA:1,(anonymous_16)
FNDA:1,(anonymous_18)
FNDA:1,(anonymous_19)
FNDA:2,(anonymous_20)
FNDA:2,(anonymous_21)
FNDA:2,(anonymous_23)
FNDA:2,(anonymous_24)
FNDA:2,(anonymous_25)
FNDA:2,(anonymous_26)
FNDA:2,(anonymous_28)
FNDA:2,(anonymous_29)
FNDA:1,(anonymous_30)
FNDA:1,(anonymous_31)
FNDA:1,(anonymous_33)
FNDA:1,(anonymous_34)
FNDA:1,(anonymous_35)
FNDA:1,(anonymous_36)
FNDA:1,(anonymous_38)
FNDA:1,(anonymous_39)
FNDA:1,(anonymous_40)
FNDA:1,(anonymous_41)
FNDA:1,(anonymous_43)
FNDA:1,(anonymous_44)
FNDA:1,(anonymous_45)
FNDA:1,(anonymous_46)
FNDA:1,(anonymous_47)
FNDA:1,(anonymous_49)
FNDA:1,(anonymous_50)
FNDA:1,(anonymous_51)
FNDA:1,(anonymous_52)
FNDA:1,(anonymous_54)
FNDA:1,(anonymous_55)
FNDA:2,(anonymous_56)
FNDA:1,(anonymous_57)
DA:2,3
DA:3,3
DA:4,3
DA:7,3
DA:8,1
DA:10,1
DA:11,1
DA:12,0
DA:13,0
DA:16,1
DA:19,1
DA:20,1
DA:21,1
DA:22,1
DA:25,1
DA:26,1
DA:27,1
DA:28,1
DA:29,0
DA:30,0
DA:31,0
DA:34,1
DA:38,1
DA:40,2
DA:41,2
DA:42,2
DA:43,2
DA:44,0
DA:45,0
DA:46,0
DA:48,2
DA:53,2
DA:54,2
DA:56,2
DA:57,2
DA:58,2
DA:59,2
DA:60,0
DA:61,0
DA:62,0
DA:64,2
DA:65,2
DA:67,0
DA:72,1
DA:73,1
DA:74,1
DA:76,1
DA:77,1
DA:78,1
DA:79,0
DA:80,0
DA:81,0
DA:83,1
DA:87,1
DA:90,1
DA:91,1
DA:92,1
DA:93,0
DA:94,0
DA:95,0
DA:97,1
DA:102,1
DA:103,1
DA:104,1
DA:106,1
DA:107,0
DA:108,0
DA:109,0
DA:112,1
DA:113,1
DA:114,1
DA:115,1
DA:120,1
DA:123,1
DA:124,1
DA:126,1
DA:127,0
DA:128,0
DA:129,0
DA:131,1
DA:132,1
DA:134,0
DA:136,1
DA:141,1
DA:144,1
DA:145,1
DA:147,1
DA:148,0
DA:149,0
DA:150,0
DA:152,1
DA:159,1
DA:160,2
DA:161,1
DA:163,2
DA:169,3
LF:96
LH:68
BRDA:28,0,0,0
BRDA:28,0,1,1
BRDA:28,1,0,1
BRDA:28,1,1,0
BRDA:34,2,0,1
BRDA:34,2,1,0
BRDA:43,3,0,0
BRDA:43,3,1,2
BRDA:43,4,0,2
BRDA:43,4,1,0
BRDA:59,5,0,0
BRDA:59,5,1,2
BRDA:59,6,0,2
BRDA:59,6,1,0
BRDA:64,7,0,2
BRDA:64,7,1,0
BRDA:73,8,0,1
BRDA:78,9,0,0
BRDA:78,9,1,1
BRDA:78,10,0,1
BRDA:78,10,1,0
BRDA:83,11,0,1
BRDA:83,11,1,0
BRDA:92,12,0,0
BRDA:92,12,1,1
BRDA:92,13,0,1
BRDA:92,13,1,0
BRDA:97,14,0,1
BRDA:97,14,1,0
BRDA:106,15,0,0
BRDA:106,15,1,1
BRDA:106,16,0,1
BRDA:106,16,1,0
BRDA:112,17,0,1
BRDA:112,17,1,0
BRDA:126,18,0,0
BRDA:126,18,1,1
BRDA:126,19,0,1
BRDA:126,19,1,0
BRDA:131,20,0,1
BRDA:131,20,1,0
BRDA:147,21,0,0
BRDA:147,21,1,1
BRDA:147,22,0,1
BRDA:147,22,1,0
BRDA:152,23,0,1
BRDA:152,23,1,0
BRDA:160,24,0,1
BRDA:160,24,1,1
BRDA:10,25,0,1
BRDA:10,25,1,1
BRDA:11,26,0,0
BRDA:11,26,1,1
BRDA:22,27,0,1
BRDA:22,27,1,1
BRDA:22,27,2,1
BRDA:22,27,3,1
BRF:57
BRH:33
end_of_record
TN:
SF:C:\Users\dalton.edmisten\Desktop\anonymous-server\src\handlers\configHandler.ts
FN:7,(anonymous_13)
FN:8,ConfigHandler
FN:12,(anonymous_15)
FN:12,(anonymous_16)
FN:14,(anonymous_18)
FN:19,(anonymous_19)
FN:19,(anonymous_20)
FN:20,(anonymous_22)
FN:21,(anonymous_23)
FN:25,(anonymous_24)
FN:25,(anonymous_25)
FN:43,(anonymous_27)
FN:43,(anonymous_28)
FN:55,(anonymous_30)
FN:55,(anonymous_31)
FN:66,(anonymous_33)
FN:66,(anonymous_34)
FN:68,(anonymous_36)
FN:69,(anonymous_37)
FNF:19
FNH:19
FNDA:2,(anonymous_13)
FNDA:3,ConfigHandler
FNDA:1,(anonymous_15)
FNDA:1,(anonymous_16)
FNDA:1,(anonymous_18)
FNDA:1,(anonymous_19)
FNDA:1,(anonymous_20)
FNDA:1,(anonymous_22)
FNDA:1,(anonymous_23)
FNDA:5,(anonymous_24)
FNDA:5,(anonymous_25)
FNDA:1,(anonymous_27)
FNDA:1,(anonymous_28)
FNDA:1,(anonymous_30)
FNDA:1,(anonymous_31)
FNDA:1,(anonymous_33)
FNDA:1,(anonymous_34)
FNDA:1,(anonymous_36)
FNDA:1,(anonymous_37)
DA:3,2
DA:5,2
DA:7,2
DA:8,3
DA:9,3
DA:12,3
DA:13,1
DA:14,1
DA:15,1
DA:16,1
DA:19,3
DA:20,1
DA:21,1
DA:22,1
DA:25,5
DA:26,5
DA:27,1
DA:28,1
DA:30,4
DA:31,4
DA:32,4
DA:34,4
DA:35,0
DA:36,4
DA:37,4
DA:39,0
DA:43,3
DA:45,1
DA:46,1
DA:47,1
DA:52,1
DA:55,3
DA:56,1
DA:57,1
DA:58,1
DA:63,1
DA:66,3
DA:67,1
DA:68,1
DA:69,1
DA:70,1
DA:71,1
DA:75,2
LF:43
LH:41
BRDA:13,0,0,1
BRDA:20,1,0,1
BRDA:26,2,0,1
BRDA:26,2,1,4
BRDA:31,3,0,4
BRDA:31,3,1,0
BRDA:34,4,0,0
BRDA:34,4,1,4
BRDA:36,5,0,4
BRDA:36,5,1,0
BRDA:46,6,0,1
BRDA:46,6,1,0
BRDA:52,7,0,1
BRDA:52,7,1,0
BRDA:57,8,0,1
BRDA:57,8,1,0
BRDA:63,9,0,1
BRDA:63,9,1,0
BRDA:67,10,0,1
BRF:19
BRH:12
end_of_record
TN:
SF:C:\Users\dalton.edmisten\Desktop\anonymous-server\src\handlers\index.ts
FNF:0
FNH:0
DA:1,2
DA:2,2
DA:3,2
DA:4,2
LF:4
LH:4
BRF:0
BRH:0
end_of_record
TN:
SF:C:\Users\dalton.edmisten\Desktop\anonymous-server\src\handlers\logHandler.ts
FN:5,(anonymous_0)
FN:7,(anonymous_2)
FN:12,(anonymous_3)
FNF:3
FNH:3
FNDA:2,(anonymous_0)
FNDA:1,(anonymous_2)
FNDA:1,(anonymous_3)
DA:3,2
DA:5,2
DA:7,2
DA:8,1
DA:9,1
DA:12,2
DA:13,1
DA:14,1
DA:16,2
LF:9
LH:9
BRF:0
BRH:0
end_of_record
TN:
SF:C:\Users\dalton.edmisten\Desktop\anonymous-server\src\handlers\objectHandler.ts
FN:5,(anonymous_13)
FN:6,ObjectHandler
FN:10,(anonymous_15)
FN:10,(anonymous_16)
FN:13,(anonymous_18)
FN:17,(anonymous_19)
FN:24,(anonymous_20)
FN:24,(anonymous_21)
FN:26,(anonymous_23)
FN:31,(anonymous_24)
FN:31,(anonymous_25)
FN:40,(anonymous_27)
FN:40,(anonymous_28)
FN:49,(anonymous_30)
FN:49,(anonymous_31)
FN:50,(anonymous_33)
FN:67,(anonymous_34)
FN:67,(anonymous_35)
FN:75,(anonymous_37)
FN:75,(anonymous_38)
FNF:20
FNH:17
FNDA:2,(anonymous_13)
FNDA:2,ObjectHandler
FNDA:1,(anonymous_15)
FNDA:1,(anonymous_16)
FNDA:1,(anonymous_18)
FNDA:1,(anonymous_19)
FNDA:0,(anonymous_20)
FNDA:0,(anonymous_21)
FNDA:0,(anonymous_23)
FNDA:1,(anonymous_24)
FNDA:1,(anonymous_25)
FNDA:1,(anonymous_27)
FNDA:1,(anonymous_28)
FNDA:3,(anonymous_30)
FNDA:3,(anonymous_31)
FNDA:3,(anonymous_33)
FNDA:2,(anonymous_34)
FNDA:2,(anonymous_35)
FNDA:1,(anonymous_37)
FNDA:1,(anonymous_38)
DA:3,2
DA:5,2
DA:6,2
DA:7,2
DA:10,2
DA:11,1
DA:13,1
DA:15,1
DA:17,1
DA:18,1
DA:21,0
DA:24,2
DA:25,0
DA:26,0
DA:27,0
DA:28,0
DA:31,2
DA:32,1
DA:37,1
DA:40,2
DA:41,1
DA:46,0
DA:49,3
DA:50,3
DA:51,3
DA:52,3
DA:53,3
DA:55,0
DA:57,0
DA:58,0
DA:59,0
DA:60,0
DA:61,0
DA:63,0
DA:67,2
DA:68,2
DA:72,2
DA:75,2
DA:76,1
DA:77,1
DA:80,2
LF:41
LH:28
BRDA:11,0,0,1
BRDA:25,1,0,0
BRDA:25,2,0,0
BRDA:25,2,1,0
BRDA:27,3,0,0
BRDA:27,3,1,0
BRDA:28,4,0,0
BRDA:28,4,1,0
BRDA:32,5,0,1
BRDA:37,6,0,1
BRDA:37,6,1,0
BRDA:41,7,0,1
BRDA:46,8,0,0
BRDA:46,8,1,0
BRDA:50,9,0,3
BRDA:51,10,0,3
BRDA:51,10,1,0
BRDA:51,11,0,3
BRDA:51,11,1,0
BRDA:58,12,0,0
BRDA:58,12,1,0
BRDA:60,13,0,0
BRDA:60,13,1,0
BRDA:68,14,0,2
BRDA:72,15,0,2
BRDA:72,15,1,0
BRDA:76,16,0,1
BRDA:77,17,0,1
BRDA:77,17,1,0
BRF:29
BRH:11
end_of_record
TN:
SF:C:\Users\dalton.edmisten\Desktop\anonymous-server\src\handlers\serverHandler.ts
FN:5,(anonymous_13)
FN:6,ServerHandler
FN:11,(anonymous_15)
FN:11,(anonymous_16)
FNF:4
FNH:4
FNDA:2,(anonymous_13)
FNDA:2,ServerHandler
FNDA:1,(anonymous_15)
FNDA:1,(anonymous_16)
DA:1,2
DA:5,2
DA:6,2
DA:7,2
DA:8,2
DA:11,2
DA:12,1
DA:13,1
DA:14,1
DA:15,1
DA:16,1
DA:17,1
DA:22,2
LF:13
LH:13
BRDA:15,0,0,1
BRDA:15,0,1,0
BRF:2
BRH:1
end_of_record
TN:
SF:C:\Users\dalton.edmisten\Desktop\anonymous-server\src\logging\index.ts
FN:3,(anonymous_0)
FN:7,(anonymous_2)
FN:17,(anonymous_3)
FN:27,(anonymous_4)
FN:37,(anonymous_5)
FN:47,(anonymous_6)
FN:57,(anonymous_7)
FN:67,(anonymous_8)
FNF:8
FNH:8
FNDA:4,(anonymous_0)
FNDA:1,(anonymous_2)
FNDA:4,(anonymous_3)
FNDA:1,(anonymous_4)
FNDA:1,(anonymous_5)
FNDA:1,(anonymous_6)
FNDA:9,(anonymous_7)
FNDA:12,(anonymous_8)
DA:1,4
DA:3,4
DA:5,4
DA:7,4
DA:9,1
DA:10,0
DA:12,1
DA:13,1
DA:14,1
DA:17,4
DA:19,4
DA:20,0
DA:22,4
DA:23,4
DA:24,4
DA:27,4
DA:29,1
DA:30,0
DA:32,1
DA:33,1
DA:34,1
DA:37,4
DA:39,1
DA:40,0
DA:42,1
DA:43,1
DA:44,1
DA:47,4
DA:49,1
DA:50,0
DA:52,1
DA:53,1
DA:54,1
DA:57,4
DA:58,9
DA:59,9
DA:60,9
DA:62,1
DA:64,9
DA:67,13
DA:68,12
DA:70,4
LF:42
LH:37
BRDA:9,0,0,0
BRDA:9,0,1,1
BRDA:19,1,0,0
BRDA:19,1,1,4
BRDA:29,2,0,0
BRDA:29,2,1,1
BRDA:39,3,0,0
BRDA:39,3,1,1
BRDA:49,4,0,0
BRDA:49,4,1,1
BRDA:60,5,0,9
BRDA:60,5,1,0
BRDA:67,6,0,1
BRDA:67,6,1,11
BRF:14
BRH:8
end_of_record
TN:
SF:C:\Users\dalton.edmisten\Desktop\anonymous-server\src\server\index.ts
FNF:0
FNH:0
DA:3,1
DA:4,1
LF:2
LH:2
BRF:0
BRH:0
end_of_record
TN:
SF:C:\Users\dalton.edmisten\Desktop\anonymous-server\src\server\mockServer.ts
FN:4,(anonymous_0)
FN:17,MockServer
FN:5,(anonymous_2)
FNF:3
FNH:3
FNDA:1,(anonymous_0)
FNDA:7,MockServer
FNDA:10,(anonymous_2)
DA:2,1
DA:4,1
DA:5,7
DA:6,10
DA:7,8
DA:9,2
DA:10,2
DA:11,1
DA:17,7
DA:18,7
DA:20,1
LF:11
LH:11
BRDA:6,0,0,8
BRDA:6,0,1,2
BRDA:6,1,0,10
BRDA:6,1,1,5
BRDA:6,1,2,3
BRDA:10,2,0,1
BRDA:10,2,1,1
BRF:7
BRH:7
end_of_record
TN:
SF:C:\Users\dalton.edmisten\Desktop\anonymous-server\src\server\server.ts
FN:10,(anonymous_1)
FN:12,Server
FN:78,(anonymous_3)
FN:84,(anonymous_4)
FN:90,(anonymous_5)
FN:94,(anonymous_6)
FNF:6
FNH:6
FNDA:1,(anonymous_1)
FNDA:1,Server
FNDA:10,(anonymous_3)
FNDA:1,(anonymous_4)
FNDA:1,(anonymous_5)
FNDA:1,(anonymous_6)
DA:1,1
DA:3,1
DA:4,1
DA:5,1
DA:6,1
DA:8,1
DA:10,1
DA:14,1
DA:16,1
DA:18,1
DA:20,1
DA:22,1
DA:24,1
DA:27,1
DA:30,1
DA:31,1
DA:32,1
DA:35,1
DA:38,1
DA:41,1
DA:44,1
DA:47,1
DA:50,1
DA:53,1
DA:56,1
DA:59,1
DA:61,1
DA:63,1
DA:65,1
DA:67,1
DA:70,1
DA:72,1
DA:74,1
DA:78,1
DA:80,10
DA:81,8
DA:84,2
DA:86,2
DA:87,2
DA:90,1
DA:91,1
DA:94,2
DA:95,1
DA:107,1
LF:44
LH:44
BRDA:70,0,0,1
BRDA:70,0,1,0
BRDA:80,1,0,8
BRDA:80,1,1,2
BRDA:80,2,0,10
BRDA:80,2,1,5
BRDA:80,2,2,4
BRDA:86,3,0,2
BRDA:86,3,1,1
BRF:9
BRH:8
end_of_record
TN:
SF:C:\Users\dalton.edmisten\Desktop\anonymous-server\src\utils\index.ts
FN:3,sleep
FN:4,(anonymous_1)
FN:7,guid
FN:8,(anonymous_3)
FN:13,isInt
FN:17,isFloat
FN:22,mergeObjectsWithOverwrite
FN:31,(anonymous_7)
FN:43,calculateUptime
FN:60,dateTryParse
FNF:10
FNH:10
FNDA:2,sleep
FNDA:2,(anonymous_1)
FNDA:5,guid
FNDA:155,(anonymous_3)
FNDA:4,isInt
FNDA:4,isFloat
FNDA:10,mergeObjectsWithOverwrite
FNDA:9,(anonymous_7)
FNDA:3,calculateUptime
FNDA:6,dateTryParse
DA:1,5
DA:3,5
DA:4,2
DA:7,5
DA:8,5
DA:9,155
DA:13,5
DA:14,4
DA:17,5
DA:18,4
DA:22,5
DA:24,10
DA:25,3
DA:27,7
DA:28,1
DA:31,6
DA:32,9
DA:33,1
DA:35,8
DA:38,6
DA:43,5
DA:44,3
DA:45,3
DA:46,1
DA:48,2
DA:49,2
DA:50,2
DA:51,2
DA:52,2
DA:53,2
DA:54,2
DA:55,2
DA:56,2
DA:57,2
DA:60,5
DA:63,6
DA:64,6
LF:37
LH:37
BRDA:14,0,0,4
BRDA:14,0,1,2
BRDA:24,1,0,3
BRDA:24,1,1,7
BRDA:27,2,0,1
BRDA:27,2,1,6
BRDA:32,3,0,1
BRDA:32,3,1,8
BRDA:45,4,0,1
BRDA:45,4,1,2
BRDA:64,5,0,3
BRDA:64,5,1,3
BRF:12
BRH:12
end_of_record
