TN:
SF:C:\Users\dalton.edmisten\Desktop\anonymous-server\src\config\index.ts
FN:8,verifyConfig
FN:29,validateDataWithConfig
FN:32,(anonymous_2)
FN:57,validateDataWithDefinition
FN:64,(anonymous_4)
FN:88,encryptBaseOnConfig
FN:93,(anonymous_6)
FN:104,decryptBasedOnConfig
FN:106,(anonymous_8)
FNF:9
FNH:9
FNDA:7,verifyConfig
FNDA:3,validateDataWithConfig
FNDA:20,(anonymous_2)
FNDA:4,validateDataWithDefinition
FNDA:18,(anonymous_4)
FNDA:4,encryptBaseOnConfig
FNDA:19,(anonymous_6)
FNDA:2,decryptBasedOnConfig
FNDA:13,(anonymous_8)
DA:3,3
DA:4,3
DA:8,3
DA:9,7
DA:10,7
DA:11,1
DA:13,19
DA:14,19
DA:15,1
DA:16,18
DA:17,1
DA:18,17
DA:19,1
DA:21,16
DA:24,6
DA:29,3
DA:30,3
DA:32,3
DA:33,20
DA:34,2
DA:35,18
DA:36,4
DA:37,1
DA:38,3
DA:39,1
DA:41,2
DA:43,14
DA:44,1
DA:45,13
DA:46,2
DA:48,11
DA:53,3
DA:58,4
DA:60,4
DA:61,1
DA:64,3
DA:66,18
DA:67,2
DA:68,16
DA:69,4
DA:70,1
DA:71,3
DA:72,1
DA:74,2
DA:76,12
DA:77,1
DA:78,11
DA:79,2
DA:81,9
DA:84,3
DA:88,3
DA:93,4
DA:94,19
DA:95,1
DA:96,18
DA:97,1
DA:101,4
DA:104,3
DA:106,2
DA:107,13
DA:108,1
DA:109,12
DA:110,1
DA:113,2
LF:64
LH:64
BRDA:9,0,0,7
BRDA:9,0,1,6
BRDA:9,0,2,6
BRDA:10,1,0,1
BRDA:10,1,1,6
BRDA:14,2,0,1
BRDA:14,2,1,18
BRDA:14,3,0,19
BRDA:14,3,1,3
BRDA:14,3,2,3
BRDA:16,4,0,1
BRDA:16,4,1,17
BRDA:16,5,0,18
BRDA:16,5,1,2
BRDA:16,5,2,2
BRDA:18,6,0,1
BRDA:18,6,1,16
BRDA:18,7,0,17
BRDA:18,7,1,2
BRDA:18,7,2,2
BRDA:33,8,0,2
BRDA:33,8,1,18
BRDA:35,9,0,4
BRDA:35,9,1,14
BRDA:36,10,0,1
BRDA:36,10,1,3
BRDA:36,11,0,4
BRDA:36,11,1,2
BRDA:38,12,0,1
BRDA:38,12,1,2
BRDA:38,13,0,3
BRDA:38,13,1,2
BRDA:43,14,0,1
BRDA:43,14,1,13
BRDA:43,15,0,14
BRDA:43,15,1,2
BRDA:45,16,0,2
BRDA:45,16,1,11
BRDA:45,17,0,13
BRDA:45,17,1,2
BRDA:48,18,0,5
BRDA:48,18,1,6
BRDA:60,19,0,1
BRDA:60,19,1,3
BRDA:66,20,0,2
BRDA:66,20,1,16
BRDA:68,21,0,4
BRDA:68,21,1,12
BRDA:69,22,0,1
BRDA:69,22,1,3
BRDA:69,23,0,4
BRDA:69,23,1,2
BRDA:71,24,0,1
BRDA:71,24,1,2
BRDA:71,25,0,3
BRDA:71,25,1,2
BRDA:76,26,0,1
BRDA:76,26,1,11
BRDA:76,27,0,12
BRDA:76,27,1,2
BRDA:78,28,0,2
BRDA:78,28,1,9
BRDA:78,29,0,11
BRDA:78,29,1,2
BRDA:81,30,0,4
BRDA:81,30,1,5
BRDA:94,31,0,1
BRDA:94,31,1,18
BRDA:95,32,0,0
BRDA:95,32,1,1
BRDA:95,33,0,1
BRDA:95,33,1,1
BRDA:96,34,0,1
BRDA:96,34,1,17
BRDA:107,35,0,1
BRDA:107,35,1,12
BRDA:109,36,0,1
BRDA:109,36,1,11
BRF:78
BRH:77
end_of_record
TN:
SF:C:\Users\dalton.edmisten\Desktop\anonymous-server\src\crypto\aes.ts
FN:2,(anonymous_0)
FN:4,(anonymous_2)
FN:28,(anonymous_3)
FNF:3
FNH:3
FNDA:4,(anonymous_0)
FNDA:3,(anonymous_2)
FNDA:7,(anonymous_3)
DA:1,4
DA:2,4
DA:4,4
DA:5,3
DA:6,1
DA:8,2
DA:9,2
DA:11,2
DA:12,2
DA:14,2
DA:16,2
DA:18,2
DA:19,2
DA:20,2
DA:28,4
DA:29,7
DA:30,1
DA:32,6
DA:33,6
DA:35,6
DA:38,6
DA:39,6
DA:40,2
DA:42,4
LF:24
LH:24
BRDA:5,0,0,1
BRDA:5,0,1,2
BRDA:29,1,0,1
BRDA:29,1,1,6
BRF:4
BRH:4
end_of_record
TN:
SF:C:\Users\dalton.edmisten\Desktop\anonymous-server\src\crypto\index.ts
FNF:0
FNH:0
DA:1,4
DA:2,4
LF:2
LH:2
BRF:0
BRH:0
end_of_record
TN:
SF:C:\Users\dalton.edmisten\Desktop\anonymous-server\src\crypto\sha2.ts
FN:2,(anonymous_0)
FN:4,(anonymous_2)
FN:19,(anonymous_3)
FNF:3
FNH:3
FNDA:4,(anonymous_0)
FNDA:8,(anonymous_2)
FNDA:5,(anonymous_3)
DA:1,4
DA:2,4
DA:4,4
DA:5,8
DA:6,2
DA:8,6
DA:9,6
DA:11,6
DA:12,6
DA:13,6
DA:19,4
DA:20,5
DA:21,4
DA:23,4
LF:14
LH:14
BRDA:5,0,0,2
BRDA:5,0,1,6
BRDA:8,1,0,6
BRDA:8,1,1,2
BRF:4
BRH:4
end_of_record
TN:
SF:C:\Users\dalton.edmisten\Desktop\anonymous-server\src\database\index.ts
FN:17,createDatabase
FNF:1
FNH:1
FNDA:13,createDatabase
DA:1,3
DA:2,3
DA:17,3
DA:18,13
DA:19,1
DA:20,12
DA:21,12
DA:25,3
DA:26,3
LF:9
LH:9
BRDA:18,0,0,1
BRDA:18,0,1,12
BRDA:20,1,0,12
BRDA:20,1,1,0
BRF:4
BRH:3
end_of_record
TN:
SF:C:\Users\dalton.edmisten\Desktop\anonymous-server\src\database\mock.ts
FN:3,(anonymous_13)
FN:6,(anonymous_15)
FN:6,(anonymous_16)
FN:7,(anonymous_18)
FN:10,(anonymous_19)
FN:10,(anonymous_20)
FN:21,(anonymous_22)
FN:21,(anonymous_23)
FN:22,(anonymous_25)
FN:28,(anonymous_26)
FN:28,(anonymous_27)
FN:29,(anonymous_29)
FN:34,(anonymous_30)
FN:34,(anonymous_31)
FN:36,(anonymous_33)
FN:36,(anonymous_34)
FN:41,(anonymous_36)
FN:41,(anonymous_37)
FN:42,(anonymous_39)
FN:47,(anonymous_40)
FNF:20
FNH:20
FNDA:15,(anonymous_13)
FNDA:1,(anonymous_15)
FNDA:1,(anonymous_16)
FNDA:1,(anonymous_18)
FNDA:9,(anonymous_19)
FNDA:9,(anonymous_20)
FNDA:4,(anonymous_22)
FNDA:4,(anonymous_23)
FNDA:3,(anonymous_25)
FNDA:3,(anonymous_26)
FNDA:3,(anonymous_27)
FNDA:3,(anonymous_29)
FNDA:10,(anonymous_30)
FNDA:20,(anonymous_31)
FNDA:3,(anonymous_33)
FNDA:3,(anonymous_34)
FNDA:4,(anonymous_36)
FNDA:4,(anonymous_37)
FNDA:3,(anonymous_39)
FNDA:3,(anonymous_40)
DA:2,3
DA:3,15
DA:4,12
DA:5,12
DA:6,12
DA:7,1
DA:10,12
DA:11,9
DA:12,3
DA:14,6
DA:15,4
DA:17,6
DA:18,6
DA:21,12
DA:22,4
DA:23,4
DA:24,4
DA:25,4
DA:28,12
DA:29,3
DA:30,3
DA:31,3
DA:34,20
DA:36,12
DA:37,3
DA:38,3
DA:41,12
DA:42,4
DA:43,4
DA:44,4
DA:47,12
DA:48,3
DA:50,12
DA:51,3
LF:34
LH:34
BRDA:11,0,0,3
BRDA:11,0,1,6
BRDA:11,1,0,9
BRDA:11,1,1,5
BRDA:14,2,0,4
BRDA:14,2,1,2
BRDA:48,3,0,1
BRDA:48,3,1,2
BRF:8
BRH:8
end_of_record
TN:
SF:C:\Users\dalton.edmisten\Desktop\anonymous-server\src\database\redis.ts
FN:6,(anonymous_13)
FN:70,RedisDatabase
FN:73,(anonymous_15)
FN:76,(anonymous_16)
FN:8,(anonymous_17)
FN:11,(anonymous_18)
FN:18,(anonymous_21)
FN:20,(anonymous_24)
FN:24,(anonymous_25)
FN:26,(anonymous_28)
FN:30,(anonymous_29)
FN:35,(anonymous_32)
FN:39,(anonymous_35)
FN:39,(anonymous_36)
FN:46,(anonymous_38)
FN:48,(anonymous_41)
FN:55,(anonymous_42)
FN:58,(anonymous_45)
FN:59,(anonymous_46)
FNF:19
FNH:18
FNDA:3,(anonymous_13)
FNDA:1,RedisDatabase
FNDA:1,(anonymous_15)
FNDA:0,(anonymous_16)
FNDA:4,(anonymous_17)
FNDA:1,(anonymous_18)
FNDA:3,(anonymous_21)
FNDA:4,(anonymous_24)
FNDA:2,(anonymous_25)
FNDA:2,(anonymous_28)
FNDA:1,(anonymous_29)
FNDA:1,(anonymous_32)
FNDA:1,(anonymous_35)
FNDA:1,(anonymous_36)
FNDA:4,(anonymous_38)
FNDA:1,(anonymous_41)
FNDA:11,(anonymous_42)
FNDA:11,(anonymous_45)
FNDA:9,(anonymous_46)
DA:2,3
DA:3,3
DA:4,3
DA:6,3
DA:7,1
DA:8,3
DA:9,4
DA:11,3
DA:12,1
DA:13,1
DA:14,1
DA:15,2
DA:18,3
DA:19,3
DA:20,4
DA:21,3
DA:24,3
DA:25,2
DA:26,2
DA:27,2
DA:30,3
DA:31,1
DA:32,2
DA:35,3
DA:36,1
DA:37,1
DA:38,1
DA:39,1
DA:40,1
DA:41,1
DA:43,1
DA:46,3
DA:47,4
DA:48,4
DA:49,1
DA:51,4
DA:52,4
DA:55,3
DA:56,11
DA:58,11
DA:59,11
DA:60,9
DA:64,22
DA:65,22
DA:67,11
DA:71,1
DA:72,1
DA:73,1
DA:74,1
DA:76,1
DA:77,0
DA:80,1
DA:81,1
DA:82,1
DA:83,1
DA:84,1
DA:85,1
DA:86,1
DA:87,1
DA:93,3
LF:60
LH:59
BRDA:9,0,0,1
BRDA:9,0,1,3
BRDA:12,1,0,1
BRDA:12,1,1,1
BRDA:15,2,0,0
BRDA:15,2,1,1
BRDA:19,3,0,3
BRDA:25,4,0,2
BRDA:31,5,0,1
BRDA:31,5,1,1
BRDA:32,6,0,0
BRDA:32,6,1,1
BRDA:36,7,0,1
BRDA:40,8,0,1
BRDA:47,9,0,4
BRDA:47,9,1,0
BRDA:51,10,0,0
BRDA:51,10,1,4
BRDA:52,11,0,4
BRDA:52,11,1,0
BRF:20
BRH:15
end_of_record
TN:
SF:C:\Users\dalton.edmisten\Desktop\anonymous-server\src\handlers\configHandler.ts
FN:5,(anonymous_13)
FN:6,ConfigHandler
FN:10,(anonymous_15)
FN:10,(anonymous_16)
FN:15,(anonymous_18)
FN:15,(anonymous_19)
FN:17,(anonymous_21)
FN:21,(anonymous_22)
FN:21,(anonymous_23)
FN:37,(anonymous_25)
FN:37,(anonymous_26)
FN:46,(anonymous_28)
FN:46,(anonymous_29)
FN:55,(anonymous_31)
FN:55,(anonymous_32)
FN:56,(anonymous_34)
FNF:16
FNH:16
FNDA:2,(anonymous_13)
FNDA:3,ConfigHandler
FNDA:1,(anonymous_15)
FNDA:1,(anonymous_16)
FNDA:1,(anonymous_18)
FNDA:1,(anonymous_19)
FNDA:1,(anonymous_21)
FNDA:5,(anonymous_22)
FNDA:5,(anonymous_23)
FNDA:1,(anonymous_25)
FNDA:1,(anonymous_26)
FNDA:1,(anonymous_28)
FNDA:1,(anonymous_29)
FNDA:1,(anonymous_31)
FNDA:1,(anonymous_32)
FNDA:1,(anonymous_34)
DA:3,2
DA:5,2
DA:6,3
DA:7,3
DA:10,3
DA:11,1
DA:12,1
DA:15,3
DA:16,1
DA:17,1
DA:18,1
DA:21,5
DA:22,5
DA:23,1
DA:24,1
DA:26,4
DA:28,4
DA:29,2
DA:30,2
DA:31,2
DA:33,0
DA:37,3
DA:38,1
DA:43,1
DA:46,3
DA:47,1
DA:52,1
DA:55,3
DA:56,1
DA:57,1
DA:58,1
DA:62,2
LF:32
LH:31
BRDA:16,0,0,1
BRDA:22,1,0,1
BRDA:22,1,1,4
BRDA:28,2,0,2
BRDA:28,2,1,2
BRDA:30,3,0,2
BRDA:30,3,1,0
BRDA:38,4,0,1
BRDA:43,5,0,1
BRDA:43,5,1,0
BRDA:47,6,0,1
BRDA:52,7,0,1
BRDA:52,7,1,0
BRDA:56,8,0,1
BRF:14
BRH:11
end_of_record
TN:
SF:C:\Users\dalton.edmisten\Desktop\anonymous-server\src\handlers\index.ts
FNF:0
FNH:0
DA:1,2
DA:2,2
DA:3,2
DA:4,2
LF:4
LH:4
BRF:0
BRH:0
end_of_record
TN:
SF:C:\Users\dalton.edmisten\Desktop\anonymous-server\src\handlers\logHandler.ts
FN:5,(anonymous_0)
FN:7,(anonymous_2)
FN:12,(anonymous_3)
FNF:3
FNH:3
FNDA:2,(anonymous_0)
FNDA:1,(anonymous_2)
FNDA:1,(anonymous_3)
DA:3,2
DA:5,2
DA:7,2
DA:8,1
DA:9,1
DA:12,2
DA:13,1
DA:14,1
DA:16,2
LF:9
LH:9
BRF:0
BRH:0
end_of_record
TN:
SF:C:\Users\dalton.edmisten\Desktop\anonymous-server\src\handlers\objectHandler.ts
FN:5,(anonymous_13)
FN:6,ObjectHandler
FN:10,(anonymous_15)
FN:10,(anonymous_16)
FN:13,(anonymous_18)
FN:17,(anonymous_19)
FN:24,(anonymous_20)
FN:24,(anonymous_21)
FN:26,(anonymous_23)
FN:31,(anonymous_24)
FN:31,(anonymous_25)
FN:40,(anonymous_27)
FN:40,(anonymous_28)
FN:49,(anonymous_30)
FN:49,(anonymous_31)
FN:50,(anonymous_33)
FN:67,(anonymous_34)
FN:67,(anonymous_35)
FN:75,(anonymous_37)
FN:75,(anonymous_38)
FNF:20
FNH:17
FNDA:2,(anonymous_13)
FNDA:2,ObjectHandler
FNDA:1,(anonymous_15)
FNDA:1,(anonymous_16)
FNDA:1,(anonymous_18)
FNDA:1,(anonymous_19)
FNDA:0,(anonymous_20)
FNDA:0,(anonymous_21)
FNDA:0,(anonymous_23)
FNDA:2,(anonymous_24)
FNDA:2,(anonymous_25)
FNDA:2,(anonymous_27)
FNDA:2,(anonymous_28)
FNDA:4,(anonymous_30)
FNDA:4,(anonymous_31)
FNDA:4,(anonymous_33)
FNDA:2,(anonymous_34)
FNDA:2,(anonymous_35)
FNDA:2,(anonymous_37)
FNDA:2,(anonymous_38)
DA:3,2
DA:5,2
DA:6,2
DA:7,2
DA:10,2
DA:11,1
DA:13,1
DA:15,1
DA:17,1
DA:18,1
DA:21,1
DA:24,2
DA:25,0
DA:26,0
DA:27,0
DA:28,0
DA:31,2
DA:32,2
DA:37,2
DA:40,2
DA:41,2
DA:46,2
DA:49,4
DA:50,4
DA:51,4
DA:52,1
DA:53,1
DA:55,3
DA:57,3
DA:58,3
DA:59,1
DA:60,2
DA:61,2
DA:63,0
DA:67,2
DA:68,2
DA:72,2
DA:75,2
DA:76,2
DA:77,2
DA:80,2
LF:41
LH:36
BRDA:11,0,0,1
BRDA:25,1,0,0
BRDA:25,2,0,0
BRDA:25,2,1,0
BRDA:27,3,0,0
BRDA:27,3,1,0
BRDA:28,4,0,0
BRDA:28,4,1,0
BRDA:32,5,0,2
BRDA:37,6,0,2
BRDA:37,6,1,0
BRDA:41,7,0,2
BRDA:46,8,0,2
BRDA:46,8,1,0
BRDA:50,9,0,4
BRDA:51,10,0,1
BRDA:51,10,1,3
BRDA:51,11,0,4
BRDA:51,11,1,3
BRDA:58,12,0,1
BRDA:58,12,1,2
BRDA:60,13,0,2
BRDA:60,13,1,0
BRDA:68,14,0,2
BRDA:72,15,0,2
BRDA:72,15,1,0
BRDA:76,16,0,2
BRDA:77,17,0,0
BRDA:77,17,1,2
BRF:29
BRH:17
end_of_record
TN:
SF:C:\Users\dalton.edmisten\Desktop\anonymous-server\src\handlers\serverHandler.ts
FN:5,(anonymous_13)
FN:6,ServerHandler
FN:11,(anonymous_15)
FN:11,(anonymous_16)
FNF:4
FNH:4
FNDA:2,(anonymous_13)
FNDA:2,ServerHandler
FNDA:1,(anonymous_15)
FNDA:1,(anonymous_16)
DA:1,2
DA:5,2
DA:6,2
DA:7,2
DA:8,2
DA:11,2
DA:12,1
DA:13,1
DA:14,1
DA:15,1
DA:16,1
DA:17,1
DA:22,2
LF:13
LH:13
BRDA:15,0,0,1
BRDA:15,0,1,0
BRF:2
BRH:1
end_of_record
TN:
SF:C:\Users\dalton.edmisten\Desktop\anonymous-server\src\logging\index.ts
FN:3,(anonymous_0)
FN:7,(anonymous_2)
FN:17,(anonymous_3)
FN:27,(anonymous_4)
FN:37,(anonymous_5)
FN:47,(anonymous_6)
FN:57,(anonymous_7)
FN:67,(anonymous_8)
FNF:8
FNH:8
FNDA:4,(anonymous_0)
FNDA:1,(anonymous_2)
FNDA:3,(anonymous_3)
FNDA:1,(anonymous_4)
FNDA:1,(anonymous_5)
FNDA:1,(anonymous_6)
FNDA:8,(anonymous_7)
FNDA:12,(anonymous_8)
DA:1,4
DA:3,4
DA:5,4
DA:7,4
DA:9,1
DA:10,0
DA:12,1
DA:13,1
DA:14,1
DA:17,4
DA:19,3
DA:20,0
DA:22,3
DA:23,3
DA:24,3
DA:27,4
DA:29,1
DA:30,0
DA:32,1
DA:33,1
DA:34,1
DA:37,4
DA:39,1
DA:40,0
DA:42,1
DA:43,1
DA:44,1
DA:47,4
DA:49,1
DA:50,0
DA:52,1
DA:53,1
DA:54,1
DA:57,4
DA:58,8
DA:59,8
DA:60,8
DA:62,1
DA:64,8
DA:67,13
DA:68,12
DA:70,4
LF:42
LH:37
BRDA:9,0,0,0
BRDA:9,0,1,1
BRDA:19,1,0,0
BRDA:19,1,1,3
BRDA:29,2,0,0
BRDA:29,2,1,1
BRDA:39,3,0,0
BRDA:39,3,1,1
BRDA:49,4,0,0
BRDA:49,4,1,1
BRDA:60,5,0,8
BRDA:60,5,1,0
BRDA:67,6,0,1
BRDA:67,6,1,11
BRF:14
BRH:8
end_of_record
TN:
SF:C:\Users\dalton.edmisten\Desktop\anonymous-server\src\server\index.ts
FNF:0
FNH:0
DA:3,1
DA:4,1
LF:2
LH:2
BRF:0
BRH:0
end_of_record
TN:
SF:C:\Users\dalton.edmisten\Desktop\anonymous-server\src\server\mockServer.ts
FN:4,(anonymous_0)
FN:17,MockServer
FN:5,(anonymous_2)
FNF:3
FNH:3
FNDA:1,(anonymous_0)
FNDA:7,MockServer
FNDA:10,(anonymous_2)
DA:2,1
DA:4,1
DA:5,7
DA:6,10
DA:7,8
DA:9,2
DA:10,2
DA:11,1
DA:17,7
DA:18,7
DA:20,1
LF:11
LH:11
BRDA:6,0,0,8
BRDA:6,0,1,2
BRDA:6,1,0,10
BRDA:6,1,1,5
BRDA:6,1,2,3
BRDA:10,2,0,1
BRDA:10,2,1,1
BRF:7
BRH:7
end_of_record
TN:
SF:C:\Users\dalton.edmisten\Desktop\anonymous-server\src\server\server.ts
FN:10,(anonymous_1)
FN:12,Server
FN:79,(anonymous_3)
FN:85,(anonymous_4)
FN:92,(anonymous_5)
FN:96,(anonymous_6)
FNF:6
FNH:6
FNDA:1,(anonymous_1)
FNDA:1,Server
FNDA:10,(anonymous_3)
FNDA:1,(anonymous_4)
FNDA:1,(anonymous_5)
FNDA:1,(anonymous_6)
DA:1,1
DA:3,1
DA:4,1
DA:5,1
DA:6,1
DA:8,1
DA:10,1
DA:14,1
DA:16,1
DA:18,1
DA:21,1
DA:23,1
DA:25,1
DA:28,1
DA:31,1
DA:32,1
DA:33,1
DA:36,1
DA:39,1
DA:42,1
DA:45,1
DA:48,1
DA:51,1
DA:54,1
DA:57,1
DA:60,1
DA:62,1
DA:64,1
DA:66,1
DA:68,1
DA:71,1
DA:73,1
DA:75,1
DA:79,1
DA:81,10
DA:82,8
DA:85,2
DA:87,2
DA:89,2
DA:92,1
DA:93,1
DA:96,2
DA:97,1
DA:109,1
LF:44
LH:44
BRDA:71,0,0,1
BRDA:71,0,1,0
BRDA:81,1,0,8
BRDA:81,1,1,2
BRDA:81,2,0,10
BRDA:81,2,1,5
BRDA:81,2,2,4
BRDA:89,3,0,2
BRDA:89,3,1,1
BRF:9
BRH:8
end_of_record
TN:
SF:C:\Users\dalton.edmisten\Desktop\anonymous-server\src\utils\index.ts
FN:3,sleep
FN:4,(anonymous_1)
FN:7,guid
FN:8,(anonymous_3)
FN:13,isInt
FN:17,isFloat
FN:22,mergeObjectsWithOverwrite
FN:31,(anonymous_7)
FN:43,calculateUptime
FN:60,dateTryParse
FNF:10
FNH:10
FNDA:13,sleep
FNDA:13,(anonymous_1)
FNDA:1,guid
FNDA:31,(anonymous_3)
FNDA:4,isInt
FNDA:4,isFloat
FNDA:11,mergeObjectsWithOverwrite
FNDA:14,(anonymous_7)
FNDA:3,calculateUptime
FNDA:6,dateTryParse
DA:1,5
DA:3,5
DA:4,13
DA:7,5
DA:8,1
DA:9,31
DA:13,5
DA:14,4
DA:17,5
DA:18,4
DA:22,5
DA:24,11
DA:25,1
DA:27,10
DA:28,1
DA:31,9
DA:32,14
DA:33,2
DA:35,12
DA:38,9
DA:43,5
DA:44,3
DA:45,3
DA:46,1
DA:48,2
DA:49,2
DA:50,2
DA:51,2
DA:52,2
DA:53,2
DA:54,2
DA:55,2
DA:56,2
DA:57,2
DA:60,5
DA:63,6
DA:64,6
LF:37
LH:37
BRDA:14,0,0,4
BRDA:14,0,1,2
BRDA:24,1,0,1
BRDA:24,1,1,10
BRDA:27,2,0,1
BRDA:27,2,1,9
BRDA:32,3,0,2
BRDA:32,3,1,12
BRDA:45,4,0,1
BRDA:45,4,1,2
BRDA:64,5,0,3
BRDA:64,5,1,3
BRF:12
BRH:12
end_of_record
